           1     1.20612     1.20612           0
           2     1.18862     1.19737  0.00875212
           3     1.20844     1.20106   0.0062572
           4     1.21162      1.2037  0.00515225
           5     1.22371      1.2077  0.00565115
           6     1.21693     1.20924  0.00486362
           7     1.18253     1.20542  0.00560891
           8     1.19601     1.20425  0.00499801
           9     1.21221     1.20513  0.00449569
          10      1.2061     1.20523  0.00402223
          11     1.17175     1.20218  0.00474314
          12     1.16895     1.19942  0.00513996
          13     1.18207     1.19808  0.00491277
          14     1.18325     1.19702   0.0046701
          15      1.1997      1.1972  0.00435128
          16     1.20222     1.19751  0.00408233
          17      1.2115     1.19834   0.0039219
          18     1.17396     1.19698   0.0039377
          19     1.16193     1.19514  0.00415663
          20     1.18156     1.19446  0.00400133
