           0           0           0
    0.064633           0           0
    0.129266           0           0
    0.193899           0           0
    0.258532           0           0
    0.323165           0           0
    0.387798           0           0
    0.452431           0           0
    0.517064           0           0
    0.581697           0           0
     0.64633           0           0
    0.710963           0           0
    0.775596           0           0
     0.84023  0.00170624  0.00121866
    0.904863     0.14721   0.0119986
    0.969496     1.12769   0.0385077
     1.03413     1.83126   0.0675274
     1.09876     2.11507   0.0838808
     1.16339     1.93961   0.0644998
     1.22803     1.60994   0.0558265
     1.29266     1.58029   0.0600112
     1.35729       1.395   0.0514715
     1.42193     1.26756   0.0496377
     1.48656     1.20644      0.0411
     1.55119     1.15373    0.038945
     1.61583     1.09604   0.0382431
     1.68046       1.069   0.0324783
     1.74509     1.04424   0.0300909
     1.80973     1.02635   0.0390008
     1.87436    0.996604   0.0331635
     1.93899     1.04483   0.0360482
     2.00362     1.06085   0.0295644
     2.06826     1.04531   0.0316061
     2.13289     1.05544   0.0296173
     2.19752     1.07304   0.0300584
     2.26216     1.03587   0.0292997
     2.32679     1.05007   0.0339118
     2.39142     1.04683   0.0394441
     2.45606     1.06677   0.0338082
     2.52069     1.09019   0.0216273
     2.58532     1.06602    0.026632
     2.64995     1.04957   0.0243428
     2.71459     1.07733   0.0262226
     2.77922     1.06881   0.0210323
     2.84385     1.07687   0.0279691
     2.90849     1.05194   0.0245787
     2.97312     1.00649   0.0169393
     3.03775     1.01014   0.0148667
     3.10239     1.05362   0.0225946
     3.16702     1.01194   0.0228026
     3.23165    0.992486   0.0186953
     3.29629     1.00416   0.0136102
     3.36092     1.01659   0.0165432
     3.42555      1.0153   0.0174557
     3.49018     1.01665   0.0170535
     3.55482     1.00001   0.0188262
     3.61945     1.02575   0.0144541
     3.68408     1.00594   0.0137116
     3.74872     1.00346   0.0147353
     3.81335    0.987282   0.0151449
     3.87798    0.997319    0.018334
     3.94262    0.993457   0.0177645
     4.00725    0.998669   0.0136628
     4.07188    0.974855   0.0133243
     4.13651    0.987137    0.017079
     4.20115    0.983115   0.0147756
     4.26578    0.975602   0.0109476
     4.33041    0.977323   0.0134003
     4.39505    0.967338   0.0161087
     4.45968    0.953745   0.0146702
     4.52431    0.960107   0.0188508
     4.58895     0.97446   0.0125035
     4.65358    0.977612   0.0104306
     4.71821    0.962594   0.0131824
     4.78285    0.981457   0.0118524
     4.84748    0.995826   0.0141317
     4.91211    0.984099   0.0123461
     4.97674    0.985263   0.0136006
     5.04138    0.986026   0.0154824
     5.10601    0.975316  0.00996901
     5.17064    0.971293   0.0112612
     5.23528    0.979823   0.0101658
     5.29991     0.99364   0.0126099
     5.36454    0.998046   0.0129439
     5.42918     1.00001  0.00897231
     5.49381    0.999265   0.0113439
     5.55844    0.992011   0.0108175
     5.62307    0.997645   0.0100077
     5.68771    0.989714   0.0102294
     5.75234    0.981145   0.0114716
     5.81697     0.99081   0.0119077
     5.88161    0.990368   0.0121194
     5.94624    0.993924   0.0134243
     6.01087    0.980243   0.0122036
     6.07551    0.978196   0.0136768
     6.14014     0.97349   0.0098416
     6.20477    0.990205   0.0141442
      6.2694    0.990273   0.0120078
     6.33404     0.98152   0.0097176
     6.39867    0.975313   0.0133483
