           1     1.80918     1.80918           0
           2     1.78293     1.79606   0.0131282
           3     1.81266     1.80159  0.00938579
           4     1.81743     1.80555  0.00772837
           5     1.83556     1.81155  0.00847672
           6     1.82539     1.81386  0.00729543
           7     1.77379     1.80814  0.00841337
           8     1.79401     1.80637  0.00749702
           9     1.81831      1.8077  0.00674353
          10     1.80915     1.80784  0.00603335
          11     1.75763     1.80328   0.0071147
          12     1.75342     1.79912  0.00770994
          13      1.7731     1.79712  0.00736915
          14     1.77487     1.79553  0.00700516
          15     1.79954      1.7958  0.00652693
          16     1.80333     1.79627   0.0061235
          17     1.81724      1.7975  0.00588284
          18     1.76095     1.79547  0.00590655
          19     1.74289     1.79271  0.00623494
          20     1.77234     1.79169  0.00600199
