           1   -0.406278   -0.406278           0
           2   -0.380034   -0.393156   0.0131218
           3   -0.409803   -0.398705  0.00939059
           4    -0.41457   -0.402671  0.00773452
           5   -0.432685   -0.408674  0.00848093
           6   -0.422512    -0.41098  0.00729865
           7   -0.370938    -0.40526  0.00841266
           8   -0.391154   -0.403497  0.00749591
           9   -0.415424   -0.404822  0.00674231
          10   -0.406287   -0.404969  0.00603229
          11   -0.354782   -0.400406  0.00711254
          12   -0.350557   -0.396252    0.007708
          13   -0.370255   -0.394252  0.00736695
          14   -0.372087   -0.392669  0.00700182
          15   -0.396786   -0.392943  0.00652412
          16   -0.400524   -0.393417  0.00612112
          17   -0.414431   -0.394653  0.00588116
          18   -0.358053    -0.39262  0.00590589
          19   -0.339958   -0.389848  0.00623621
          20   -0.369495   -0.388831  0.00600308
