           1     1.40291     1.40291           0
           2     1.40289      1.4029 6.34699e-06
           3     1.40286     1.40289 1.36425e-05
           4     1.40286     1.40288  1.1531e-05
           5     1.40287     1.40288 9.01179e-06
           6     1.40288     1.40288 7.35909e-06
           7     1.40285     1.40288 7.38762e-06
           8     1.40286     1.40287 6.75198e-06
           9     1.40289     1.40287 6.09991e-06
          10     1.40286     1.40287 5.55305e-06
          11     1.40285     1.40287 5.48928e-06
          12     1.40287     1.40287  5.0368e-06
          13     1.40285     1.40287 4.97666e-06
          14     1.40279     1.40286 7.51349e-06
          15     1.40276     1.40286 9.91372e-06
          16     1.40281     1.40285 9.77749e-06
          17     1.40281     1.40285   9.493e-06
          18     1.40289     1.40285 9.26958e-06
          19     1.40293     1.40286 9.68094e-06
          20     1.40285     1.40286 9.20159e-06
