           1     1.00167     1.00167           0
           2    0.999976     1.00082 0.000846539
           3    0.991295    0.997647  0.00321308
           4     1.00148    0.998606  0.00246625
           5     1.00089    0.999063  0.00196413
           6     1.00239    0.999617  0.00169696
           7     1.00032    0.999718  0.00143775
           8    0.999864    0.999737  0.00124526
           9     1.00135    0.999916  0.00111281
          10     1.00038    0.999963 0.000996411
          11    0.999142    0.999888 0.000904373
          12     1.00053    0.999941 0.000827283
          13      1.0028     1.00016 0.000792206
          14     1.00072      1.0002 0.000734507
          15     1.00275     1.00037 0.000704548
          16     1.00017     1.00036 0.000659166
          17    0.995876     1.00009 0.000672973
          18      1.0017     1.00018 0.000640714
          19     0.99298    0.999804 0.000714883
          20     1.00228    0.999928 0.000689392
          21     1.00184     1.00002 0.000662052
          22      1.0032     1.00016 0.000647584
          23     1.00108      1.0002 0.000620055
          24     1.00236     1.00029 0.000600408
          25    0.994399     1.00006 0.000622287
          26     1.00203     1.00013 0.000602676
          27    0.998894     1.00009 0.000581738
          28     1.00124     1.00013 0.000562098
          29     1.00073     1.00015  0.00054277
          30     1.00132     1.00019 0.000525817
          31     1.00206     1.00025 0.000512153
          32    0.999839     1.00024 0.000496055
          33     1.00197     1.00029 0.000483646
          34    0.995902     1.00016 0.000486622
          35    0.999685     1.00015 0.000472708
          36     1.00072     1.00016 0.000459662
          37     1.00066     1.00018 0.000447269
          38    0.999164     1.00015 0.000436153
          39     1.00217      1.0002 0.000427973
          40     1.00123     1.00023 0.000417931
          41    0.998759     1.00019 0.000409179
          42     1.00072      1.0002 0.000399516
          43     1.00179     1.00024 0.000391856
          44     1.00129     1.00026 0.000383585
          45    0.996197     1.00017 0.000385701
          46     1.00227     1.00022 0.000379976
          47     1.00245     1.00027 0.000374813
          48     1.00026     1.00027 0.000366921
          49     1.00043     1.00027 0.000359371
          50     1.00229     1.00031 0.000354411
          51    0.999022     1.00029  0.00034831
          52     1.00262     1.00033 0.000344492
          53     1.00316     1.00038 0.000342131
          54    0.998917     1.00036 0.000336832
          55    0.998569     1.00032 0.000332244
          56    0.996384     1.00025 0.000333757
          57     1.00168     1.00028 0.000328809
          58     1.00083     1.00029 0.000323231
          59     1.00294     1.00033 0.000320867
          60    0.997223     1.00028 0.000319703
          61    0.999305     1.00027 0.000314826
          62    0.991054     1.00012 0.000343495
          63    0.998883      1.0001 0.000338565
          64    0.999109     1.00008 0.000333591
          65    0.998653     1.00006 0.000329153
          66     1.00073     1.00007 0.000324287
          67     1.00115     1.00009 0.000319816
          68     1.00099      1.0001 0.000315358
          69     1.00059     1.00011 0.000310834
          70    0.998604     1.00008 0.000307112
          71    0.997446     1.00005  0.00030503
          72     1.00009     1.00005 0.000300764
          73    0.993044    0.999952 0.000311748
          74     0.99673    0.999909 0.000310575
          75    0.996414    0.999862 0.000309929
          76    0.997576    0.999832 0.000307299
          77    0.999203    0.999824 0.000303392
          78    0.999337    0.999818 0.000299542
          79      1.0022    0.999848 0.000297264
          80     1.00103    0.999863 0.000293897
          81     1.00049     0.99987 0.000290348
          82    0.999632    0.999867   0.0002868
          83     0.99839     0.99985 0.000283883
          84     0.99691    0.999815 0.000282657
          85     1.00144    0.999834 0.000279965
          86     1.00305    0.999871  0.00027921
          87    0.999195    0.999863 0.000276092
          88     1.00064    0.999872  0.00027308
          89     1.00259    0.999903 0.000271722
          90     1.00196    0.999926 0.000269656
          91     1.00093    0.999937 0.000266903
          92    0.999324     0.99993  0.00026407
          93     1.00244    0.999957 0.000262607
          94     1.00089    0.999967 0.000259988
          95    0.998731    0.999954 0.000257565
          96    0.998745    0.999941 0.000255179
          97      1.0026    0.999969 0.000254019
          98     1.00147    0.999984 0.000251877
          99    0.998144    0.999965 0.000250011
         100     1.00208    0.999987 0.000248404
