           1     0.99679     0.99679           0
           2    0.939058    0.967924   0.0288659
           3    0.911113    0.948987   0.0252262
           4    0.979219    0.956545   0.0193727
           5     0.93325    0.951886   0.0157127
           6    0.987751    0.957863   0.0141535
           7    0.925363    0.953221   0.0128313
           8    0.959133     0.95396   0.0111368
           9    0.999005    0.958965   0.0110235
          10     1.04265    0.967333   0.0129324
          11     1.01228    0.971419   0.0123908
          12    0.920981    0.967216   0.0120669
          13    0.928249    0.964218   0.0114976
          14    0.965286    0.964295    0.010645
          15     1.05076    0.970059   0.0114644
          16    0.997644    0.971783   0.0108616
          17    0.996749    0.973251   0.0103079
          18    0.976828     0.97345   0.0097204
          19    0.860623    0.967512   0.0109455
          20    0.993249    0.968799   0.0104632
          21     1.00435    0.970492   0.0100955
          22     1.09316    0.976068   0.0111241
          23     1.13383    0.982927   0.0126504
          24     1.06143    0.986198   0.0125457
          25     1.01305    0.987272   0.0120813
          26     1.04864    0.989632   0.0118449
          27    0.960228    0.988543   0.0114496
          28     1.01257    0.989401   0.0110665
          29    0.974543    0.988889   0.0106903
          30     0.87703     0.98516   0.0109803
          31     1.00714    0.985869   0.0106439
          32    0.991075    0.986032   0.0103072
          33     0.96928    0.985525   0.0100028
          34     1.02379     0.98665  0.00976922
          35     1.04481    0.988312  0.00963042
          36     1.02797    0.989413  0.00942371
          37    0.980405     0.98917  0.00916871
          38    0.905538    0.986969  0.00919154
          39    0.993081    0.987126  0.00895413
          40      1.0282    0.988153  0.00878761
          41    0.981634    0.987994  0.00857207
          42     1.00726    0.988452  0.00837805
          43    0.975014     0.98814  0.00818686
          44     1.02912    0.989071  0.00805266
          45     1.05669    0.990574  0.00801383
          46    0.957809    0.989862  0.00786998
          47     0.99379    0.989945  0.00770117
          48    0.943173    0.988971  0.00760173
          49    0.942693    0.988026  0.00750465
          50     1.01425    0.988551   0.0073717
          51     0.94336    0.987665  0.00727984
          52    0.985953    0.987632  0.00713855
          53    0.983051    0.987545  0.00700309
          54    0.935219    0.986576  0.00694016
          55      1.0824    0.988318  0.00703205
          56     1.09279    0.990184   0.0071529
          57     1.03161    0.990911  0.00706377
          58     1.07859    0.992422  0.00710364
          59     1.02605    0.992992  0.00700542
          60     1.00011    0.993111   0.0068887
          61     1.06559    0.994299  0.00687824
          62     1.02844     0.99485  0.00678875
          63     1.06392    0.995946   0.0067695
          64     1.04166    0.996661  0.00670106
          65     1.01395    0.996926  0.00660252
          66    0.938767    0.996045  0.00656116
          67     1.02911    0.996539   0.0064813
          68    0.976187    0.996239  0.00639229
          69     1.05268    0.997057  0.00635185
          70    0.999426    0.997091  0.00626055
          71     1.09305    0.998443  0.00631799
          72     1.00584    0.998546  0.00623047
          73    0.923826    0.997522   0.0062292
          74     1.00177    0.997579  0.00614471
          75     1.01376    0.997795  0.00606606
          76      1.0396    0.998345  0.00601093
          77     1.07341     0.99932  0.00601193
          78     1.00874    0.999441  0.00593558
          79    0.917667    0.998406  0.00595068
          80    0.979881    0.998174  0.00588039
          81    0.976802     0.99791  0.00581333
          82     1.00523    0.997999  0.00574269
          83    0.982097    0.997808  0.00567632
          84    0.934963     0.99706  0.00565801
          85      1.0316    0.997466   0.0056058
          86    0.876232    0.996056  0.00571676
          87    0.976964    0.995837  0.00565493
          88     1.03451    0.996276  0.00560755
          89     1.01637    0.996502  0.00554879
          90     0.88727    0.995288  0.00561942
          91     1.04829    0.995871  0.00558776
          92     1.00755    0.995998  0.00552814
          93     1.02831    0.996345   0.0054794
          94    0.942671    0.995774  0.00545079
          95    0.992385    0.995739  0.00539323
          96    0.942272    0.995182  0.00536573
          97     1.10348    0.996298  0.00542622
          98     1.00341    0.996371  0.00537106
          99    0.992335     0.99633  0.00531668
         100     1.03527    0.996719  0.00527763
