           0     34.1622
           1     32.2689
           2     30.1216
           3     28.1536
           4     26.8369
           5      26.426
           6     25.5765
           7     25.4107
           8     24.8631
           9     24.4383
          10     24.1616
          11     23.1836
          12     22.6092
          13     22.1297
          14      21.834
          15     21.5376
          16     21.1516
          17     20.5728
          18     20.3306
          19     19.8569
          20     19.4556
          21     18.9643
          22     18.6687
          23     18.0135
          24     17.1386
          25      16.973
          26     16.6128
          27     16.3808
          28     16.1431
          29     16.0567
          30     15.9061
          31     15.6146
          32     15.4179
          33     15.2327
          34     14.9452
          35     14.8541
          36     14.7291
          37      14.619
          38     14.4605
          39     14.0661
          40     13.9058
          41     13.6793
          42     13.6181
          43     13.3748
          44     13.2088
          45     13.1366
          46     12.9679
          47      13.271
          48     12.9815
          49     12.8299
          50     12.8109
          51     12.8587
          52      12.863
          53     12.9491
          54     12.9309
          55     12.8272
          56     12.6474
          57     12.4862
          58      12.245
          59     11.9533
          60     11.9039
          61     11.8944
          62     11.9086
          63     12.0315
          64     11.9784
          65     12.0241
          66     12.1244
          67     12.0912
          68     12.1027
          69     12.0877
          70     12.0243
          71     11.9127
          72     11.9211
          73     11.8366
          74      11.679
          75      11.743
          76     11.5992
          77     11.5651
          78     11.5871
          79     11.5899
          80     11.5864
          81     11.5756
          82     11.5712
          83     11.6481
          84     11.5597
          85     11.6287
          86      11.574
          87     11.7003
          88     11.6893
          89     11.7371
          90     11.8417
          91     12.5097
          92     12.8617
          93     12.5797
          94     12.2449
          95     12.1294
          96     11.9579
          97      11.637
          98     11.7494
          99     11.7561
         100     12.0237
         101     11.6914
         102     11.7792
         103     11.8517
         104     11.9207
         105     12.0197
         106     11.6636
         107      11.861
         108     11.8245
         109     11.6892
         110     11.5828
         111     11.5612
         112     11.6725
         113     11.7114
         114     11.6002
         115     11.5404
         116     11.5091
         117     11.4789
         118      11.515
         119     11.5467
         120     11.5057
         121     11.6617
         122     11.5673
         123     11.6064
         124     11.5834
         125     11.6215
         126     11.6602
         127      11.709
         128     11.5144
         129     11.5883
         130      11.627
         131     11.6453
         132     11.4975
         133     11.4975
         134      11.756
         135     11.7801
         136     11.9263
         137     11.9864
         138     11.7718
         139     11.6158
         140     11.7104
         141      11.443
         142     11.3181
         143     11.3986
         144     11.6435
         145     11.5807
         146     11.5049
         147     11.3164
         148     11.3931
         149     11.3721
         150     11.4016
         151     11.3337
         152     11.3667
         153     11.3837
         154     11.4433
         155     11.9868
         156     11.9768
         157     11.9042
         158     12.0014
         159     11.8571
         160     11.5317
         161     11.4426
         162     11.2913
         163     11.1431
         164     11.1117
         165     11.1045
         166     11.1526
         167     11.1322
         168     11.1996
         169     11.1355
         170     11.3142
         171     11.3674
         172     11.3722
         173     11.2263
         174     11.1294
         175     11.1165
         176     11.1215
         177     11.1514
         178     11.0963
         179     11.2225
         180     11.0475
         181     11.0499
         182     10.7482
         183     10.8295
         184     10.4822
         185      10.203
         186     9.44331
         187     9.30374
         188     8.64929
         189     7.99883
         190     7.86965
         191     7.74139
         192     7.66857
         193     7.68746
         194     7.84079
         195     7.89518
         196     7.66221
         197      7.6013
         198     7.59462
         199      7.6298
         200     7.59084
         201     7.63643
         202     7.61829
         203     7.62456
         204     7.72125
         205     7.89724
         206     7.62996
         207     7.66514
         208     7.66799
         209      7.7645
         210     7.95932
         211     7.94443
         212     7.92379
         213     8.26454
         214     8.28037
         215     8.46895
         216      8.5392
         217     8.68773
         218     8.37002
         219     8.40222
         220     8.49399
         221       8.685
         222     8.08153
         223     7.87314
         224     8.01856
         225     7.98026
         226     7.93361
         227     7.79614
         228     7.79389
         229     7.75213
         230     7.66335
         231     7.61083
         232      7.6246
         233     7.73643
         234     7.70112
         235     7.67755
         236     7.65585
         237     7.93065
         238     7.71523
         239      7.6647
         240     7.62075
         241     7.61496
         242     7.62807
         243     7.73979
         244     7.62338
         245      7.6067
         246     7.59219
         247     7.66717
         248     7.65245
         249     7.73828
         250     7.83321
         251     7.80343
         252     7.72688
         253     7.60913
         254     7.66813
         255     7.64992
         256     7.61058
         257     7.80697
         258      7.7766
         259     7.73455
         260     7.70248
         261     7.65478
         262     7.61375
         263     7.60595
         264     7.59285
         265     7.59285
         266     7.59285
         267     7.85096
         268     7.79946
         269     7.82553
         270     7.81016
         271      7.9427
         272     7.75912
         273     7.65354
         274     7.61496
         275     7.75364
         276     7.68618
         277     7.61203
         278     7.57517
         279     7.60097
         280     7.68682
         281      7.6447
         282     7.49868
         283     7.68732
         284     7.62833
         285     7.50339
         286      7.4059
         287     7.45642
         288     7.52471
         289     7.61022
         290     7.47416
         291     7.33938
         292     7.31749
         293     7.35816
         294     7.64097
         295      7.5629
         296      7.3927
         297      7.3774
         298     7.43081
         299      7.2788
         300      7.2454
         301     7.27193
         302     7.43383
         303     7.35838
         304     7.36232
         305     7.74411
         306     7.55219
         307     7.58205
         308     7.41401
         309     7.44201
         310     7.34409
         311     7.31398
         312     7.38589
         313     7.36952
         314      7.2454
         315      7.2454
         316     7.30105
         317     7.32736
         318     7.34074
         319     7.30445
         320     7.57205
         321     7.27007
         322      7.4096
         323     7.43238
         324     7.33649
         325     7.35395
         326     7.26358
         327     7.29321
         328     7.26818
         329     7.40323
         330     7.28803
         331      7.2762
         332      7.2454
         333     7.24686
         334      7.2454
         335      7.2454
         336     7.25149
         337     7.26806
         338     7.26255
         339     7.26066
         340     7.29973
         341     7.25978
         342     7.30214
         343      7.2454
         344     7.31688
         345     7.28352
         346     7.27207
         347     7.35636
         348     7.41235
         349     7.49624
         350     7.30473
         351     7.33104
         352     7.26214
         353      7.2454
         354      7.2454
         355     7.25332
         356      7.2454
         357     7.24916
         358      7.2454
         359     7.25762
         360     7.39667
         361     7.46083
         362      7.3211
         363     7.44563
         364     7.42507
         365     7.41955
         366     7.42877
         367      7.3021
         368     7.41167
         369     7.29634
         370     7.25903
         371     7.43617
         372      7.2643
         373      7.2454
         374     7.26184
         375     7.54024
         376     7.26189
         377      7.2454
         378      7.2454
         379      7.2454
         380     7.26212
         381     7.24847
         382      7.2454
         383     7.25332
         384      7.2454
         385      7.2454
         386      7.2454
         387      7.2454
         388      7.2454
         389      7.2454
         390     7.26276
         391      7.2454
         392     7.30806
         393      7.2479
         394     7.41337
         395     7.42231
         396     7.34726
         397     7.62932
         398     7.45397
         399     7.29951
         400      7.5111
         401     7.61953
         402     7.55586
         403     7.31353
         404     7.30019
         405     7.25091
         406     7.33523
         407     7.30979
         408      7.2454
         409      7.2454
         410     7.32382
         411     7.25384
         412     7.25132
         413      7.3769
         414     7.26593
         415     7.30084
         416     7.47475
         417     7.38781
         418     7.37351
         419     7.83059
         420     7.39476
         421     7.34643
         422      7.4425
         423     7.57695
         424     7.26472
         425     7.24812
         426     7.37524
         427     7.46732
         428      7.3471
         429      7.2454
         430     7.28813
         431     7.25755
         432     7.36782
         433      7.2484
         434      7.3693
         435     7.33732
         436     7.30746
         437     7.34694
         438     7.28435
         439     7.29896
         440     7.24957
         441      7.2454
         442     7.26685
         443     7.27452
         444     7.49918
         445     7.44718
         446     7.35555
         447      7.2454
         448      7.2454
         449     7.26159
         450     7.34706
         451     7.29572
         452      7.2454
         453      7.2454
         454     7.25394
         455     7.26779
         456     7.25787
         457      7.2454
         458     7.28568
         459     7.25004
         460      7.2454
         461      7.2454
         462      7.2454
         463     7.24952
         464     7.34209
         465     7.32553
         466     7.37358
         467     7.36897
         468      7.4085
         469      7.2454
         470      7.2454
         471     7.26226
         472      7.2454
         473      7.2454
         474      7.2454
         475     7.36862
         476     7.49604
         477     7.34683
         478     7.45304
         479      7.3361
         480     7.39366
         481     7.32332
         482     7.35124
         483     7.35492
         484     7.37631
         485     7.36031
         486     7.42081
         487     7.47227
         488     7.30468
         489     7.28461
         490     7.30203
         491     7.32869
         492     7.27723
         493     7.36162
         494     7.35002
         495      7.2454
         496     7.34787
         497     7.46565
         498     7.55255
         499     7.40773
         500     7.27753
         501      7.3086
         502     7.29419
         503     7.52088
         504     7.43449
         505     7.49465
         506      7.6103
         507     7.60826
         508     7.42402
         509     7.36545
         510     7.34841
         511     7.26696
         512     7.35246
         513     7.38587
         514     7.35635
         515     7.32214
         516     7.57642
         517     7.38277
         518     7.35374
         519     7.37328
         520     7.35385
         521     7.30707
         522     7.31811
         523     7.30774
         524     7.30165
         525      7.3455
         526     7.35558
         527     7.27758
         528     7.25954
         529     7.39219
         530     7.38182
         531     7.24735
         532      7.2522
         533     7.25211
         534     7.38882
         535     7.35579
         536      7.4274
         537      7.6874
         538     7.47692
         539     7.52032
         540     7.49824
         541     7.30003
         542     7.25916
         543      7.2454
         544     7.26763
         545      7.2454
         546      7.2454
         547      7.2454
         548      7.2454
         549      7.2454
         550     7.24536
         551     7.24536
         552     7.34752
         553     7.24835
         554      7.2454
         555     7.24548
         556      7.2454
         557     7.29415
         558     7.26014
         559     7.60178
         560     7.47877
         561     7.38194
         562     7.37765
         563     7.30494
         564     7.36385
         565     7.50826
         566     7.53369
         567     7.48564
         568     7.34499
         569     7.45245
         570     7.30804
         571     7.24868
         572      7.3307
         573     7.39501
         574     7.49625
         575     7.50126
         576     7.91808
         577     7.39953
         578     7.59229
         579     7.34065
         580     7.42153
         581     7.27533
         582     7.26911
         583      7.2462
         584     7.24536
         585     7.24536
         586     7.41152
         587     7.32128
         588     7.46335
         589     7.26792
         590     7.24801
         591     7.26444
         592     7.27922
         593     7.29852
         594     7.39214
         595     7.31779
         596     7.38665
         597     7.50736
         598     7.40695
         599     7.50251
         600     7.49404
         601     7.26763
         602      7.2454
         603     7.37201
         604      7.2454
         605     7.25227
         606     7.26553
         607     7.28271
         608     7.28554
         609     7.32648
         610     7.29679
         611     7.38131
         612     7.33578
         613     7.36307
         614     7.29337
         615     7.35926
         616     7.24696
         617     7.27201
         618     7.29376
         619     7.33878
         620      7.3779
         621      7.2454
         622      7.2454
         623     7.26126
         624     7.29521
         625     7.32185
         626     7.26747
         627     7.35122
         628      7.2454
         629     7.29805
         630      7.2454
         631     7.28285
         632      7.2454
         633      7.2454
         634     7.44171
         635     7.34028
         636     7.32864
         637     7.33718
         638      7.2454
         639     7.25453
         640      7.2534
         641     7.24852
         642      7.2454
         643     7.40448
         644     7.66637
         645     7.55862
         646     7.38942
         647     7.26891
         648     7.26779
         649      7.2454
         650     7.28752
         651      7.2454
         652     7.25636
         653     7.24683
         654     7.31761
         655     7.29888
         656     7.37094
         657     7.54053
         658     7.33336
         659     7.42783
         660     7.31316
         661     7.45001
         662     7.41358
         663     7.47682
         664     7.38121
         665     7.35217
         666     7.30493
         667     7.35457
         668     7.27411
         669     7.26127
         670      7.2454
         671     7.26199
         672     7.32093
         673     7.30827
         674     7.35469
         675     7.46045
         676     7.31812
         677     7.24797
         678     7.32958
         679     7.34677
         680     7.24536
         681     7.24536
         682      7.2454
         683     7.27471
         684     7.28161
         685     7.28826
         686     7.45095
         687      7.2454
         688     7.24538
         689     7.25974
         690     7.37457
         691     7.33198
         692     7.30756
         693     7.29511
         694     7.24981
         695     7.27101
         696     7.33736
         697     7.37737
         698     7.24879
         699     7.27396
         700     7.24521
         701     7.22071
         702     7.18215
         703     7.36112
         704     7.43648
         705     7.25394
         706     7.03872
         707     6.99014
         708     6.99741
         709     6.96028
         710     6.96622
         711     6.96923
         712     7.04297
         713     7.10491
         714     7.10972
         715     7.11864
         716     7.28787
         717     7.21554
         718     7.09061
         719     7.00696
         720     7.12018
         721     7.03169
         722     6.95825
         723     6.98263
         724     6.95825
         725     6.97014
         726     7.11115
         727     7.23775
         728     7.19447
         729      7.1727
         730     7.14451
         731     6.94963
         732     7.06813
         733     7.11156
         734     6.96457
         735      6.9614
         736     6.98606
         737     7.02147
         738     7.01747
         739     7.02365
         740     6.73356
         741     6.60687
         742     6.39318
         743     6.38861
         744     6.37092
         745     6.42133
         746     6.54578
         747     6.37903
         748     6.45952
         749     6.35151
         750     6.36172
         751     6.34685
         752     6.43584
         753     6.39696
         754     6.37483
         755     6.35499
         756     6.69854
         757     6.68482
         758     6.56602
         759     6.52653
         760     6.70233
         761     6.47513
         762      6.5295
         763     6.41052
         764     6.34685
         765     6.34685
         766     6.34839
         767     6.34685
         768     6.34685
         769     6.38988
         770     6.36927
         771     6.47033
         772     6.40751
         773     6.38455
         774     6.35589
         775     6.34685
         776     6.34723
         777     6.38579
         778     6.37102
         779     6.42056
         780     6.48056
         781      6.4153
         782     6.41538
         783     6.34685
         784     6.35058
         785     6.46445
         786     6.42241
         787      6.3757
         788      6.4296
         789     6.52137
         790     6.53261
         791     6.62853
         792     6.41955
         793     6.36867
         794     6.38283
         795     6.39112
         796       6.423
         797     6.35533
         798     6.36575
         799     6.44528
         800     6.45653
         801     6.42913
         802     6.42458
         803      6.3717
         804     6.46819
         805     6.43842
         806     6.40614
         807     6.43694
         808     6.40899
         809     6.37592
         810     6.44989
         811     6.47346
         812     6.35455
         813     6.33968
         814     6.41823
         815      6.4456
         816     6.44427
         817     6.42012
         818     6.36869
         819     6.35014
         820     6.39161
         821     6.33501
         822     6.34461
         823     6.33975
         824     6.33284
         825     6.39896
         826     6.42078
         827     6.36235
         828     6.40884
         829     6.43621
         830     6.44383
         831     6.62504
         832     6.54597
         833     6.43332
         834     6.48075
         835      6.4856
         836      6.3545
         837     6.35035
         838     6.37706
         839     6.35639
         840     6.33284
         841     6.33284
         842     6.36826
         843     6.43612
         844     6.56417
         845     6.35008
         846     6.38057
         847     6.51602
         848     6.56657
         849     6.51383
         850     6.57817
         851     6.38842
         852     6.37336
         853     6.33292
         854     6.33284
         855     6.38723
         856     6.33284
         857     6.33903
         858     6.33284
         859     6.34258
         860     6.33324
         861     6.33509
         862     6.33284
         863     6.33284
         864     6.33284
         865     6.38078
         866     6.33284
         867     6.33284
         868     6.36013
         869     6.35053
         870     6.40064
         871     6.45284
         872     6.39383
         873      6.3701
         874     6.42118
         875     6.33284
         876     6.48804
         877     6.67516
         878     6.33284
         879     6.33284
         880     6.33284
         881     6.40403
         882     6.33749
         883     6.48295
         884     6.47194
         885     6.39226
         886     6.36378
         887     6.55881
         888     6.68843
         889     6.39799
         890     6.33284
         891     6.42081
         892     6.52962
         893     6.52644
         894     6.53126
         895      6.3694
         896       6.424
         897     6.47787
         898     6.38664
         899     6.48053
         900     6.38017
         901     6.43208
         902     6.43906
         903     6.42325
         904     6.38564
         905     6.54602
         906     6.56339
         907     6.50906
         908     6.71536
         909      6.8755
         910     6.45649
         911     6.42785
         912     6.34718
         913     6.38295
         914     6.37965
         915      6.4444
         916     6.40813
         917     6.61448
         918     6.48543
         919     6.37994
         920     6.36256
         921     6.45967
         922     6.35973
         923     6.35286
         924     6.39972
         925     6.40795
         926     6.37009
         927     6.43892
         928     6.50279
         929     6.44118
         930     6.40972
         931     6.51562
         932     6.35589
         933     6.33324
         934     6.41715
         935      6.3999
         936     6.44483
         937     6.35636
         938     6.36647
         939     6.50604
         940     6.39785
         941     6.56233
         942     6.46421
         943     6.35913
         944     6.33896
         945     6.39268
         946     6.33284
         947     6.33284
         948     6.34729
         949     6.33284
         950     6.33284
         951     6.34048
         952     6.33284
         953     6.33714
         954     6.33284
         955     6.33284
         956     6.35116
         957     6.35931
         958     6.45326
         959     6.44233
         960     6.34905
         961     6.33284
         962     6.39432
         963     6.40646
         964     6.46633
         965     6.37488
         966     6.33284
         967     6.33392
         968     6.34929
         969      6.4547
         970     6.45311
         971     6.49499
         972     6.65437
         973     6.41939
         974     6.41727
         975     6.38561
         976     6.74037
         977     6.50972
         978     6.38617
         979     6.36291
         980     6.36368
         981     6.37626
         982     6.34812
         983     6.34018
         984     6.35741
         985     6.43972
         986     6.62746
         987     6.82458
         988     6.56343
         989     6.52188
         990     6.43911
         991     6.42742
         992      6.4238
         993     6.51357
         994     6.45356
         995     6.48839
         996      6.4959
         997     6.63321
         998     6.66785
         999     6.46779
