           0     48.9931
           1     45.1892
           2     40.2227
           3     35.5455
           4     32.4373
           5     31.5835
           6     29.6212
           7     28.9562
           8     27.5867
           9     26.5561
          10      25.855
          11     24.2549
          12     23.1724
          13     22.0793
          14      21.364
          15     20.7353
          16      20.004
          17     19.1124
          18      18.985
          19     18.3462
          20     17.8592
          21     17.1389
          22     16.8194
          23     16.1452
          24     14.9252
          25     14.8691
          26     14.4904
          27     14.3798
          28     14.3252
          29     14.3765
          30     14.2979
          31     14.1646
          32     13.9542
          33      13.714
          34     13.2927
          35     13.1509
          36     12.9816
          37     12.9716
          38     12.7871
          39     12.2846
          40     12.1518
          41     11.9888
          42     11.9948
          43     11.7893
          44     11.6685
          45     11.5782
          46     11.3798
          47     11.7479
          48     11.3966
          49     11.1177
          50     10.8926
          51      10.718
          52     10.5082
          53     10.4293
          54     10.3609
          55     10.2148
          56     10.1025
          57     10.0161
          58     9.89092
          59     9.73352
          60     9.70005
          61     9.67387
          62      9.5387
          63     9.40736
          64     9.09543
          65     8.90106
          66     8.80439
          67     8.72362
          68     8.71357
          69     8.70059
          70     8.65493
          71     8.57359
          72     8.60502
          73     8.54317
          74     8.40712
          75     8.47506
          76     8.35199
          77     8.31538
          78     8.33073
          79     8.33152
          80     8.33445
          81     8.32855
          82      8.3203
          83     8.42477
          84     8.33443
          85     8.38433
          86     8.36688
          87     8.48434
          88     8.47268
          89     8.53043
          90     8.66207
          91     9.68644
          92     10.2483
          93     9.71534
          94      9.2727
          95     9.02628
          96     8.64356
          97     8.19524
          98     8.32395
          99     8.30326
         100     8.61412
         101     8.22455
         102     8.33594
         103     8.41821
         104     8.52567
         105     8.73998
         106     8.27439
         107     8.53356
         108     8.44788
         109     8.32351
         110      8.1758
         111     8.16031
         112      8.2728
         113      8.4215
         114     8.22782
         115     8.16498
         116     8.13412
         117     8.10323
         118      8.1442
         119     8.16227
         120     8.12982
         121     8.26868
         122     8.19229
         123     8.21459
         124     8.19239
         125     8.24832
         126     8.29663
         127     8.36333
         128     8.14068
         129     8.21294
         130     8.25602
         131     8.27187
         132     8.11897
         133     8.11446
         134     8.42837
         135     8.41227
         136      8.6172
         137     8.83694
         138     8.63054
         139     8.34337
         140     8.45117
         141     8.01235
         142     7.83749
         143     7.92967
         144     8.34615
         145     8.15409
         146     8.08615
         147     7.78599
         148     7.84022
         149     7.87439
         150     7.88392
         151     7.81115
         152     7.86777
         153     7.89721
         154     8.00367
         155     8.88705
         156      8.8036
         157     8.83353
         158     9.00036
         159      8.7506
         160     8.14445
         161     8.02337
         162     7.75266
         163     7.56093
         164     7.53959
         165     7.53106
         166      7.5774
         167     7.56228
         168     7.62574
         169     7.55493
         170     7.76475
         171      7.8295
         172     7.84337
         173     7.66508
         174     7.55552
         175     7.54133
         176     7.53733
         177     7.58758
         178     7.52049
         179     7.65461
         180     7.47274
         181     7.36339
         182     6.77226
         183     6.82297
         184     6.43488
         185     6.16562
         186      5.2651
         187     5.11907
         188     4.21248
         189      3.4482
         190     3.35959
         191     3.25273
         192     3.20161
         193     3.21998
         194     3.39086
         195     3.41725
         196     3.19892
         197      3.1506
         198     3.14545
         199     3.17027
         200     3.14459
         201     3.17208
         202     3.15995
         203     3.16471
         204     3.24307
         205     3.42809
         206     3.16758
         207      3.2018
         208     3.19691
         209     3.29689
         210     3.58482
         211     3.48703
         212     3.46921
         213     3.85974
         214     3.93221
         215     4.12255
         216     4.23816
         217     4.50746
         218     4.03649
         219     4.14354
         220     4.29634
         221      4.6908
         222     3.66212
         223     3.37854
         224     3.55565
         225     3.52537
         226     3.50163
         227     3.31095
         228     3.29684
         229      3.2517
         230     3.15223
         231     3.11102
         232     3.12115
         233     3.23547
         234     3.18657
         235       3.167
         236     3.15439
         237     3.44537
         238     3.21017
         239     3.15404
         240     3.11803
         241     3.11109
         242     3.11956
         243     3.23203
         244     3.11796
         245     3.10724
         246      3.0949
         247     3.15723
         248     3.14411
         249     3.21445
         250     3.30714
         251     3.26116
         252     3.19916
         253     3.10064
         254     3.14942
         255      3.1234
         256     3.10175
         257     3.27582
         258     3.26141
         259     3.21569
         260     3.19879
         261     3.13745
         262     3.10083
         263     3.09551
         264     3.08893
         265     3.08893
         266     3.08893
         267     3.34336
         268     3.28555
         269     3.31467
         270      3.2892
         271      3.4685
         272     3.21438
         273     3.11841
         274     3.09181
         275     3.22748
         276     3.15173
         277     3.08845
         278     3.07122
         279     3.12206
         280     3.27407
         281     3.26939
         282     3.10783
         283     3.30018
         284     3.23786
         285     3.11132
         286     3.02446
         287     3.08527
         288     3.18437
         289     3.31167
         290     3.17053
         291     3.05758
         292     3.05313
         293     3.09287
         294      3.4047
         295      3.3156
         296     3.12882
         297     3.12335
         298     3.17538
         299     3.01991
         300      2.9999
         301     3.02343
         302     3.17562
         303     3.09722
         304     3.10089
         305     3.51327
         306     3.28276
         307     3.32963
         308     3.13572
         309     3.17812
         310     3.10247
         311     3.05519
         312     3.12251
         313     3.10261
         314      2.9999
         315      2.9999
         316      3.0415
         317     3.06851
         318     3.08603
         319     3.05909
         320      3.3686
         321     3.01484
         322     3.13913
         323     3.16157
         324     3.06655
         325     3.09535
         326     3.01242
         327     3.04026
         328     3.02191
         329      3.1472
         330     3.03587
         331     3.02304
         332      2.9999
         333     3.00063
         334      2.9999
         335      2.9999
         336      3.0031
         337     3.01973
         338     3.01285
         339     3.01615
         340     3.05552
         341      3.0166
         342     3.05041
         343      2.9999
         344     3.06029
         345     3.03923
         346     3.01989
         347     3.09046
         348     3.14137
         349     3.24614
         350     3.05406
         351     3.06996
         352     3.00759
         353      2.9999
         354      2.9999
         355     3.00396
         356      2.9999
         357     3.00212
         358      2.9999
         359       3.008
         360     3.11994
         361     3.18525
         362      3.0547
         363     3.17168
         364     3.18091
         365     3.17233
         366     3.16821
         367     3.04668
         368     3.16381
         369     3.03797
         370     3.00736
         371     3.19835
         372     3.01487
         373      2.9999
         374     3.00905
         375     3.27702
         376     3.01176
         377      2.9999
         378      2.9999
         379      2.9999
         380     3.01728
         381     3.00148
         382      2.9999
         383     3.00433
         384      2.9999
         385      2.9999
         386      2.9999
         387      2.9999
         388      2.9999
         389      2.9999
         390     3.01077
         391      2.9999
         392     3.04722
         393      3.0015
         394     3.15064
         395     3.15348
         396     3.07451
         397     3.39038
         398      3.1978
         399     3.04318
         400     3.26554
         401     3.40014
         402     3.30736
         403     3.04967
         404     3.04162
         405     3.00541
         406     3.07886
         407     3.04937
         408      2.9999
         409      2.9999
         410     3.06385
         411     3.00463
         412     3.00229
         413     3.12662
         414      3.0207
         415     3.04994
         416     3.22367
         417     3.13045
         418     3.11709
         419     3.60283
         420     3.13691
         421     3.08408
         422     3.19201
         423     3.33016
         424      3.0148
         425      3.0015
         426     3.12821
         427     3.22488
         428     3.08837
         429      2.9999
         430     3.04174
         431     3.00734
         432     3.10025
         433     3.00136
         434     3.09687
         435     3.06842
         436     3.05036
         437     3.07951
         438     3.03604
         439     3.03986
         440     3.00268
         441      2.9999
         442     3.01866
         443     3.02114
         444     3.23141
         445     3.17704
         446     3.09393
         447      2.9999
         448      2.9999
         449     3.00937
         450        3.08
         451     3.03873
         452      2.9999
         453      2.9999
         454     3.00488
         455     3.01108
         456     3.00552
         457      2.9999
         458      3.0304
         459     3.00192
         460      2.9999
         461      2.9999
         462      2.9999
         463      3.0017
         464     3.07501
         465      3.0631
         466      3.1056
         467     3.09939
         468     3.16091
         469      2.9999
         470      2.9999
         471     3.00962
         472      2.9999
         473      2.9999
         474      2.9999
         475     3.10544
         476     3.22919
         477     3.09652
         478     3.21338
         479     3.09198
         480     3.13295
         481     3.06057
         482      3.0848
         483     3.08997
         484     3.09595
         485     3.09128
         486     3.19419
         487     3.21534
         488     3.03958
         489     3.02241
         490     3.05644
         491     3.07272
         492     3.02642
         493     3.09617
         494     3.09492
         495      2.9999
         496     3.08989
         497     3.22212
         498     3.30844
         499     3.16143
         500      3.0205
         501     3.04361
         502     3.05006
         503     3.31306
         504      3.2012
         505     3.27232
         506     3.43423
         507     3.37817
         508     3.16314
         509     3.10241
         510     3.08168
         511     3.02303
         512     3.09222
         513     3.11759
         514     3.10064
         515     3.05913
         516     3.36455
         517     3.11877
         518     3.08723
         519     3.11311
         520     3.09067
         521     3.05438
         522     3.06189
         523     3.04891
         524     3.04469
         525     3.10079
         526     3.10274
         527     3.02844
         528     3.00792
         529      3.1486
         530     3.14534
         531     3.00095
         532     3.00728
         533     3.00704
         534     3.13317
         535     3.09459
         536     3.15629
         537     3.46004
         538     3.21628
         539     3.28107
         540      3.2568
         541     3.04214
         542     3.00878
         543      2.9999
         544     3.01853
         545      2.9999
         546      2.9999
         547      2.9999
         548      2.9999
         549      2.9999
         550      2.9999
         551      2.9999
         552     3.08959
         553     3.00089
         554      2.9999
         555     3.00002
         556      2.9999
         557      3.0429
         558     3.00836
         559     3.37376
         560     3.22444
         561     3.10677
         562     3.09927
         563     3.04329
         564     3.09685
         565     3.26476
         566     3.28011
         567     3.22471
         568     3.08982
         569     3.20951
         570     3.05439
         571     3.00122
         572     3.07686
         573     3.13576
         574     3.25404
         575     3.25541
         576     3.76276
         577     3.14087
         578     3.34203
         579     3.06807
         580     3.14019
         581     3.02017
         582     3.01327
         583     3.00026
         584      2.9999
         585      2.9999
         586     3.15064
         587     3.05644
         588     3.21911
         589     3.02001
         590     3.00189
         591     3.01326
         592     3.02129
         593     3.03423
         594     3.13589
         595      3.0545
         596     3.13677
         597     3.26847
         598     3.18076
         599     3.25224
         600     3.24017
         601     3.01424
         602      2.9999
         603     3.10257
         604      2.9999
         605      3.0027
         606     3.01232
         607     3.02391
         608     3.02697
         609     3.06487
         610     3.03947
         611     3.11934
         612     3.07133
         613        3.09
         614     3.02913
         615     3.08798
         616     3.00035
         617      3.0174
         618     3.04351
         619     3.07648
         620     3.11493
         621      2.9999
         622      2.9999
         623      3.0149
         624     3.04048
         625     3.06481
         626     3.01176
         627      3.0876
         628      2.9999
         629     3.03826
         630      2.9999
         631     3.02387
         632      2.9999
         633      2.9999
         634     3.19445
         635     3.08752
         636     3.06764
         637     3.07968
         638      2.9999
         639       3.005
         640     3.00459
         641     3.00225
         642      2.9999
         643     3.14601
         644     3.46188
         645     3.30956
         646     3.12793
         647      3.0176
         648     3.01225
         649      2.9999
         650     3.02766
         651      2.9999
         652     3.00127
         653     3.00006
         654     3.06564
         655     3.03986
         656     3.10354
         657     3.29707
         658     3.06321
         659     3.19859
         660     3.04793
         661      3.1821
         662     3.13136
         663      3.1999
         664      3.1104
         665     3.09249
         666     3.05106
         667      3.1011
         668     3.01738
         669     3.01028
         670      2.9999
         671     3.00937
         672     3.07572
         673     3.05407
         674      3.0933
         675     3.21991
         676     3.07042
         677     3.00307
         678     3.08118
         679     3.09658
         680     2.99994
         681      2.9999
         682      2.9999
         683     3.02574
         684     3.02806
         685     3.03201
         686     3.19127
         687      2.9999
         688      2.9999
         689     3.00771
         690     3.10625
         691     3.06817
         692     3.05566
         693     3.04608
         694     3.00372
         695     3.02257
         696     3.07423
         697     3.11153
         698      3.0026
         699     3.02364
         700     3.00009
         701      2.9931
         702     2.99275
         703     3.26008
         704     3.42703
         705     3.22591
         706     2.97345
         707     2.93837
         708     2.94634
         709     2.91563
         710     2.91975
         711     2.92093
         712     2.97054
         713     3.06951
         714     3.05401
         715     3.06727
         716     3.24495
         717      3.1675
         718     3.02176
         719     2.95382
         720     3.08121
         721      2.9809
         722     2.91495
         723     2.92666
         724     2.91495
         725     2.92351
         726     3.04558
         727     3.17205
         728     3.13021
         729     3.08996
         730     3.09888
         731     2.89801
         732     3.02836
         733     3.09559
         734     2.95089
         735     2.98077
         736     3.06463
         737     3.08746
         738     3.14797
         739     3.20353
         740     2.88877
         741     2.76691
         742     2.61357
         743     2.61133
         744     2.60491
         745      2.6326
         746     2.75325
         747     2.61019
         748     2.68165
         749     2.59895
         750     2.60403
         751     2.59692
         752     2.65481
         753     2.63878
         754     2.61336
         755     2.60154
         756     2.95856
         757     2.95241
         758     2.79465
         759     2.75227
         760     2.96754
         761     2.71185
         762     2.76727
         763     2.64727
         764     2.59692
         765     2.59692
         766     2.59822
         767     2.59692
         768     2.59692
         769     2.63047
         770     2.61402
         771     2.72177
         772     2.63397
         773     2.62075
         774     2.60183
         775     2.59692
         776     2.59696
         777     2.61586
         778      2.6096
         779     2.64965
         780     2.72207
         781     2.65414
         782     2.66181
         783     2.59692
         784     2.59908
         785     2.72052
         786      2.6666
         787     2.61618
         788     2.66707
         789     2.77207
         790     2.76882
         791     2.91037
         792     2.65659
         793     2.60991
         794     2.62605
         795     2.63224
         796     2.66493
         797     2.60166
         798     2.60833
         799     2.69113
         800     2.69842
         801     2.67619
         802      2.6546
         803     2.61452
         804     2.69393
         805        2.67
         806     2.63572
         807     2.67466
         808     2.63797
         809     2.61178
         810     2.66534
         811     2.71142
         812     2.59838
         813     2.58445
         814      2.6594
         815      2.6743
         816     2.68247
         817     2.66749
         818     2.60735
         819     2.58708
         820     2.61956
         821     2.57818
         822     2.58309
         823     2.58194
         824       2.577
         825     2.63605
         826     2.64655
         827     2.60067
         828     2.63728
         829     2.65896
         830     2.66547
         831     2.85892
         832     2.81256
         833     2.66766
         834     2.71483
         835     2.75072
         836     2.59421
         837      2.5931
         838     2.61164
         839     2.59208
         840       2.577
         841       2.577
         842     2.59788
         843     2.64604
         844     2.78415
         845     2.58643
         846      2.6112
         847     2.72327
         848     2.78063
         849     2.73778
         850      2.8037
         851     2.61115
         852     2.60132
         853     2.57713
         854       2.577
         855     2.62072
         856       2.577
         857      2.5798
         858       2.577
         859     2.58122
         860     2.57714
         861     2.57778
         862       2.577
         863       2.577
         864       2.577
         865     2.62602
         866       2.577
         867       2.577
         868     2.60421
         869     2.59272
         870      2.6277
         871        2.67
         872     2.62287
         873      2.5992
         874     2.63703
         875       2.577
         876     2.71871
         877     2.93774
         878       2.577
         879       2.577
         880       2.577
         881     2.64634
         882      2.5797
         883     2.69891
         884     2.67933
         885     2.60765
         886     2.59209
         887     2.78901
         888     2.95202
         889     2.62967
         890       2.577
         891     2.66187
         892     2.77525
         893     2.77389
         894     2.76046
         895      2.5981
         896     2.63678
         897     2.69977
         898     2.61885
         899     2.68466
         900     2.61041
         901     2.64019
         902     2.65873
         903     2.63559
         904     2.60843
         905      2.7638
         906     2.77794
         907     2.74195
         908      2.9749
         909     3.20428
         910     2.69277
         911     2.66644
         912     2.58246
         913      2.6082
         914     2.61187
         915     2.66092
         916     2.62401
         917     2.83294
         918     2.70168
         919     2.60511
         920     2.59671
         921     2.67758
         922     2.59715
         923     2.58845
         924     2.61952
         925     2.62832
         926     2.60109
         927     2.66851
         928     2.72888
         929     2.67305
         930     2.64346
         931     2.76526
         932     2.58985
         933     2.57714
         934     2.64123
         935     2.62458
         936     2.66824
         937     2.58956
         938     2.59835
         939     2.75085
         940     2.63164
         941     2.82318
         942      2.6959
         943     2.59766
         944        2.58
         945     2.61843
         946       2.577
         947       2.577
         948      2.5876
         949       2.577
         950       2.577
         951     2.58147
         952       2.577
         953      2.5796
         954       2.577
         955       2.577
         956     2.58477
         957      2.5873
         958     2.66717
         959     2.64417
         960     2.58508
         961       2.577
         962     2.62196
         963     2.62334
         964     2.71121
         965     2.60427
         966       2.577
         967     2.57764
         968     2.58319
         969     2.66765
         970     2.67445
         971     2.70085
         972     2.88355
         973     2.64926
         974     2.64343
         975     2.61536
         976     3.03143
         977     2.74317
         978     2.62209
         979     2.59612
         980     2.59925
         981     2.60698
         982     2.58594
         983     2.58149
         984      2.5958
         985     2.65804
         986     2.90777
         987     3.13351
         988     2.79548
         989     2.76331
         990     2.66873
         991     2.64426
         992     2.66151
         993     2.74952
         994     2.69852
         995     2.74212
         996     2.74513
         997     2.88241
         998     2.90765
         999     2.70228
