           0     29.4553
           1     25.8093
           2     25.8093
           3     24.9606
           4     24.2714
           5     24.0964
           6     23.6672
           7     23.0165
           8     22.4459
           9     21.9108
          10     21.1198
          11     20.7703
          12     20.8354
          13     20.4538
          14     20.6209
          15     19.0791
          16     19.0791
          17     18.5296
          18     18.5296
          19     18.0486
          20     17.8086
          21     16.5794
          22     16.5794
          23     16.5794
          24     16.4369
          25     15.7371
          26     15.7371
          27     15.7371
          28     15.7371
          29     15.5946
          30     15.1599
          31     14.2661
          32     14.2661
          33     14.2661
          34     13.8389
          35     13.8389
          36     13.8389
          37     13.3831
          38     13.8059
          39     13.6385
          40     13.0853
          41     13.0853
          42     13.0853
          43     12.6729
          44     12.6729
          45     12.6729
          46     12.6729
          47      12.631
          48      12.631
          49     12.4469
          50     12.1711
          51     12.1711
          52     12.1711
          53     12.1711
          54     12.0287
          55     12.0287
          56     12.0287
          57     11.8446
          58     11.8446
          59     11.8446
          60     11.6643
          61     11.6643
          62     11.6643
          63     11.6643
          64     11.6643
          65     11.6643
          66     11.8446
          67     11.8446
          68     11.7295
          69     11.7295
          70     11.7295
          71     11.5619
          72     11.5619
          73     11.5619
          74     11.4323
          75     11.3361
          76     11.3539
          77     11.5494
          78     11.5619
          79     11.5619
          80     11.3361
          81     11.3361
          82     11.4323
          83     11.4857
          84     11.4857
          85     11.4857
          86     11.2599
          87     11.4857
          88     11.4857
          89     11.4857
          90     11.4857
          91     11.4857
          92     11.4857
          93     11.4731
          94     11.2599
          95     11.1293
          96     11.4857
          97     11.4857
          98     11.5169
          99     11.5169
         100     11.5169
         101     11.5169
         102     11.5169
         103     11.5183
         104     11.3962
         105     11.3962
         106     11.3283
         107     11.3283
         108     11.5183
         109     11.5183
         110     11.4754
         111     11.4754
         112     11.4754
         113      11.474
         114      11.474
         115      11.474
         116      11.474
         117     11.4754
         118     11.4754
         119     11.4754
         120     11.4754
         121     11.4754
         122     11.4564
         123     11.4754
         124     11.4754
         125      11.474
         126     11.4754
         127     11.4754
         128      11.474
         129     11.4505
         130      11.474
         131     11.4754
         132     11.4732
         133      11.474
         134     11.2771
         135     11.0915
         136     11.0915
         137     11.0915
         138     10.9705
         139     10.9705
         140     10.9705
         141     10.9477
         142     10.9705
         143     10.9621
         144     10.9705
         145      10.982
         146      10.982
         147      10.982
         148      10.982
         149     10.9705
         150     11.0915
         151     11.0915
         152      11.103
         153     10.9736
         154     10.9736
         155     10.9736
         156     10.9736
         157     10.9736
         158     10.9736
         159     10.8854
         160     10.9736
         161     10.9736
         162     11.0919
         163     11.1034
         164     11.0941
         165     11.1034
         166     11.1034
         167     11.0122
         168     11.0919
         169     11.1034
         170     11.1034
         171     11.0941
         172     11.0919
         173     11.1034
         174     11.1034
         175     11.0737
         176     11.1034
         177     11.0741
         178     10.1374
         179     10.1374
         180     10.1374
         181     10.1374
         182     10.1374
         183     8.35727
         184     7.93774
         185     7.93774
         186     7.93774
         187     7.93774
         188     7.59084
         189     7.59084
         190     7.59084
         191     7.59084
         192     7.59084
         193     7.59084
         194     7.59084
         195     7.59084
         196     7.59084
         197     7.59084
         198     7.59084
         199     7.59084
         200     7.59084
         201     7.59084
         202     7.59084
         203     7.59084
         204     7.59084
         205     7.59084
         206     7.59084
         207     7.59075
         208     7.59084
         209     7.59084
         210     7.59084
         211     7.59084
         212     7.59084
         213     7.59084
         214     7.59084
         215     7.59084
         216     7.59084
         217     7.59084
         218     7.59084
         219      7.5915
         220      7.5915
         221      7.5915
         222      7.5915
         223      7.5915
         224     7.59084
         225      7.5915
         226      7.5915
         227      7.5915
         228      7.5915
         229      7.5915
         230      7.5915
         231      7.5915
         232      7.5915
         233     7.59198
         234      7.5916
         235     7.59198
         236     7.59198
         237     7.59198
         238     7.59198
         239     7.59198
         240     7.59198
         241     7.59198
         242     7.59198
         243     7.59198
         244     7.59198
         245     7.59198
         246     7.59198
         247     7.59198
         248     7.59198
         249     7.59198
         250     7.59198
         251     7.59198
         252     7.59198
         253     7.59285
         254     7.59285
         255     7.59198
         256     7.59198
         257     7.59285
         258     7.59285
         259     7.59285
         260     7.58635
         261     7.58635
         262     7.59285
         263     7.59285
         264     7.59285
         265     7.59285
         266     7.59285
         267     7.59285
         268       7.592
         269       7.592
         270     7.59285
         271     7.59285
         272     7.59285
         273     7.59285
         274     7.59285
         275     7.59285
         276     7.59285
         277      7.3892
         278      7.3892
         279      7.3892
         280      7.3892
         281      7.3892
         282      7.3892
         283      7.3892
         284      7.3892
         285      7.3892
         286      7.2454
         287      7.2454
         288      7.2454
         289      7.2454
         290      7.2454
         291      7.2454
         292      7.2454
         293      7.2454
         294      7.2454
         295      7.2454
         296      7.2454
         297     7.24414
         298      7.2454
         299      7.2454
         300      7.2454
         301      7.2454
         302      7.2454
         303      7.2454
         304      7.2454
         305     7.24414
         306      7.2454
         307      7.2454
         308      7.2454
         309      7.2454
         310      7.2454
         311      7.2454
         312      7.2454
         313      7.2454
         314      7.2454
         315      7.2454
         316      7.2454
         317      7.2454
         318      7.2454
         319      7.2454
         320      7.2454
         321      7.2454
         322      7.2454
         323      7.2454
         324      7.2454
         325      7.2454
         326      7.2454
         327      7.2454
         328      7.2454
         329      7.2454
         330      7.2454
         331     7.24414
         332      7.2454
         333      7.2454
         334      7.2454
         335      7.2454
         336      7.2454
         337      7.2454
         338      7.2454
         339      7.2454
         340      7.2454
         341      7.2454
         342      7.2454
         343      7.2454
         344      7.2454
         345      7.2454
         346      7.2454
         347      7.2454
         348      7.2454
         349     7.24215
         350      7.2454
         351      7.2454
         352      7.2454
         353      7.2454
         354      7.2454
         355      7.2454
         356      7.2454
         357      7.2454
         358      7.2454
         359      7.2454
         360      7.2454
         361      7.2454
         362      7.2454
         363      7.2454
         364      7.2454
         365      7.2454
         366      7.2454
         367      7.2454
         368      7.2454
         369      7.2454
         370      7.2454
         371      7.2454
         372      7.2454
         373      7.2454
         374      7.2454
         375      7.2454
         376      7.2454
         377      7.2454
         378      7.2454
         379      7.2454
         380      7.2454
         381      7.2454
         382      7.2454
         383      7.2454
         384      7.2454
         385      7.2454
         386      7.2454
         387      7.2454
         388      7.2454
         389      7.2454
         390      7.2454
         391      7.2454
         392      7.2454
         393      7.2454
         394      7.2454
         395      7.2454
         396      7.2454
         397      7.2454
         398      7.2454
         399      7.2454
         400      7.2454
         401      7.2454
         402      7.2454
         403      7.2454
         404     7.24195
         405     7.24195
         406     7.24195
         407      7.2454
         408      7.2454
         409      7.2454
         410      7.2454
         411      7.2454
         412      7.2454
         413      7.2454
         414      7.2454
         415      7.2454
         416      7.2454
         417      7.2454
         418      7.2454
         419      7.2454
         420      7.2454
         421      7.2454
         422      7.2454
         423      7.2454
         424      7.2454
         425      7.2454
         426      7.2454
         427      7.2454
         428      7.2454
         429      7.2454
         430      7.2454
         431      7.1615
         432     7.24414
         433      7.2454
         434      7.2454
         435      7.2454
         436      7.2454
         437      7.2454
         438      7.2454
         439      7.2454
         440      7.2454
         441      7.2454
         442      7.2454
         443      7.2454
         444      7.2454
         445      7.2454
         446      7.2454
         447      7.2454
         448      7.2454
         449      7.2454
         450      7.2454
         451      7.2454
         452      7.2454
         453      7.2454
         454      7.2454
         455      7.2454
         456      7.2454
         457      7.2454
         458      7.2454
         459      7.2454
         460      7.2454
         461      7.2454
         462      7.2454
         463      7.2454
         464      7.2454
         465      7.2454
         466     7.24414
         467     7.24414
         468      7.2454
         469      7.2454
         470      7.2454
         471      7.2454
         472      7.2454
         473      7.2454
         474      7.2454
         475      7.2454
         476      7.2454
         477      7.2454
         478      7.2454
         479      7.2454
         480     7.24414
         481     7.24414
         482      7.2454
         483     7.24215
         484      7.2454
         485      7.2454
         486      7.2454
         487      7.2454
         488      7.2454
         489      7.2454
         490      7.2454
         491      7.2454
         492      7.2454
         493      7.2454
         494      7.2454
         495      7.2454
         496      7.2454
         497      7.2454
         498      7.2454
         499      7.2454
         500      7.2454
         501      7.2454
         502      7.2454
         503      7.2454
         504      7.2454
         505      7.2454
         506      7.2454
         507      7.2454
         508      7.2454
         509      7.2454
         510      7.2454
         511      7.2454
         512      7.2454
         513      7.2454
         514      7.2454
         515      7.2454
         516      7.2454
         517      7.2454
         518     7.24414
         519     7.24414
         520     7.24414
         521     7.24414
         522     7.24414
         523      7.2454
         524      7.2454
         525      7.2454
         526      7.2454
         527      7.2454
         528      7.2454
         529      7.2454
         530      7.2454
         531      7.2454
         532      7.2454
         533      7.2454
         534      7.2454
         535      7.2454
         536     7.24215
         537      7.2454
         538      7.2454
         539      7.2454
         540      7.2454
         541      7.2454
         542      7.2454
         543      7.2454
         544      7.2454
         545      7.2454
         546      7.2454
         547      7.2454
         548      7.2454
         549      7.2454
         550     7.24195
         551     7.24195
         552      7.2454
         553      7.2454
         554      7.2454
         555      7.2454
         556      7.2454
         557      7.2454
         558      7.2454
         559      7.2454
         560      7.2454
         561      7.2454
         562     7.24414
         563      7.2454
         564      7.2454
         565      7.2454
         566      7.2454
         567      7.2454
         568      7.2454
         569      7.2454
         570      7.2454
         571      7.2454
         572      7.2454
         573      7.2454
         574      7.2454
         575      7.2454
         576      7.2454
         577      7.2454
         578      7.2454
         579      7.2454
         580      7.2454
         581      7.2454
         582      7.2454
         583      7.2454
         584     7.24215
         585     7.24215
         586      7.2454
         587      7.2454
         588     7.24215
         589     7.24215
         590      7.2454
         591      7.2454
         592      7.2454
         593      7.2454
         594      7.2454
         595      7.2454
         596      7.2454
         597      7.2454
         598     7.24414
         599      7.2454
         600      7.2454
         601      7.2454
         602      7.2454
         603      7.2454
         604      7.2454
         605      7.2454
         606      7.2454
         607      7.2454
         608      7.2454
         609      7.2454
         610      7.2454
         611      7.2454
         612      7.2454
         613      7.2454
         614      7.2454
         615      7.2454
         616      7.2454
         617     7.24215
         618      7.2454
         619      7.2454
         620      7.2454
         621      7.2454
         622      7.2454
         623      7.2454
         624      7.2454
         625     7.24215
         626      7.2454
         627      7.2454
         628      7.2454
         629      7.2454
         630      7.2454
         631      7.2454
         632      7.2454
         633      7.2454
         634      7.2454
         635      7.2454
         636      7.2454
         637      7.2454
         638      7.2454
         639      7.2454
         640      7.2454
         641      7.2454
         642      7.2454
         643      7.2454
         644      7.2454
         645      7.2454
         646      7.2454
         647      7.2454
         648      7.2454
         649      7.2454
         650      7.2454
         651      7.2454
         652      7.2454
         653      7.2454
         654      7.2454
         655      7.2454
         656      7.2454
         657      7.2454
         658      7.2454
         659      7.2454
         660      7.2454
         661      7.2454
         662      7.2454
         663      7.2454
         664      7.2454
         665      7.2454
         666      7.2454
         667      7.2454
         668      7.2454
         669      7.2454
         670      7.2454
         671      7.2454
         672      7.2454
         673      7.2454
         674     7.24215
         675     7.24215
         676     7.24215
         677     7.24215
         678     7.24215
         679     7.24215
         680     7.24215
         681     7.24215
         682      7.2454
         683      7.2454
         684      7.2454
         685      7.2454
         686      7.2454
         687      7.2454
         688     7.24414
         689      7.2454
         690      7.2454
         691      7.2454
         692      7.2454
         693      7.2454
         694      7.2454
         695      7.2454
         696      7.2454
         697      7.2454
         698      7.2454
         699      7.2454
         700     6.99885
         701     6.99885
         702     6.95825
         703     6.95825
         704     6.95825
         705     6.95825
         706     6.95825
         707     6.95825
         708     6.95825
         709     6.95825
         710     6.95825
         711     6.95825
         712     6.95825
         713     6.95825
         714     6.95825
         715     6.95825
         716     6.95825
         717     6.95825
         718     6.95825
         719     6.95825
         720     6.95825
         721     6.95825
         722     6.95825
         723     6.95825
         724     6.95825
         725     6.95825
         726     6.95825
         727     6.95825
         728     6.95825
         729     6.82665
         730     6.82665
         731     6.82665
         732     6.82665
         733     6.82665
         734     6.51011
         735     6.51011
         736     6.51011
         737     6.51011
         738     6.34685
         739     6.34685
         740     6.34685
         741     6.34685
         742     6.34685
         743     6.34685
         744     6.34685
         745     6.34685
         746     6.34685
         747     6.34685
         748     6.34685
         749     6.34685
         750     6.34685
         751     6.34685
         752     6.34685
         753     6.34685
         754     6.34685
         755     6.34685
         756     6.34685
         757     6.34685
         758     6.34685
         759     6.34685
         760     6.34685
         761     6.34685
         762     6.34685
         763     6.34685
         764     6.34685
         765     6.34685
         766     6.34685
         767     6.34685
         768     6.34685
         769     6.34685
         770     6.34685
         771     6.34685
         772     6.34685
         773     6.34685
         774     6.34685
         775     6.34685
         776     6.34685
         777     6.34685
         778     6.34685
         779     6.34685
         780     6.34685
         781     6.34685
         782     6.34685
         783     6.34685
         784     6.34685
         785     6.34685
         786     6.34685
         787     6.34685
         788     6.34685
         789     6.34685
         790     6.34685
         791     6.34685
         792     6.34685
         793     6.34685
         794     6.34685
         795     6.34685
         796     6.34685
         797     6.34685
         798     6.34685
         799     6.34685
         800     6.34685
         801     6.34685
         802     6.34685
         803     6.34685
         804     6.34685
         805     6.34685
         806     6.34685
         807     6.34685
         808     6.34685
         809     6.33284
         810     6.33284
         811     6.33284
         812     6.33284
         813     6.33284
         814     6.33284
         815     6.33284
         816     6.33284
         817     6.33284
         818     6.33284
         819     6.33284
         820     6.33284
         821     6.33284
         822     6.33284
         823     6.33284
         824     6.33284
         825     6.33284
         826     6.33284
         827     6.33284
         828     6.33284
         829     6.33284
         830     6.33284
         831     6.33284
         832     6.33284
         833     6.33284
         834     6.33284
         835     6.33284
         836     6.33284
         837     6.33284
         838     6.33284
         839     6.33284
         840     6.33284
         841     6.33284
         842     6.33284
         843     6.33284
         844     6.33284
         845     6.33284
         846     6.33284
         847     6.33284
         848     6.33284
         849     6.33284
         850     6.33284
         851     6.33284
         852     6.33284
         853     6.33284
         854     6.33284
         855     6.33284
         856     6.33284
         857     6.33284
         858     6.33284
         859     6.33284
         860     6.33284
         861     6.33284
         862     6.33284
         863     6.33284
         864     6.33284
         865     6.33284
         866     6.33284
         867     6.33284
         868     6.33284
         869     6.33284
         870     6.33284
         871     6.33284
         872     6.33284
         873     6.33284
         874     6.33284
         875     6.33284
         876     6.33284
         877     6.33284
         878     6.33284
         879     6.33284
         880     6.33284
         881     6.33284
         882     6.33284
         883     6.33284
         884     6.33284
         885     6.33284
         886     6.33284
         887     6.33284
         888     6.33284
         889     6.33284
         890     6.33284
         891     6.33284
         892     6.33284
         893     6.33284
         894     6.33284
         895     6.33284
         896     6.33284
         897     6.33284
         898     6.33284
         899     6.33284
         900     6.33284
         901     6.33284
         902     6.33284
         903     6.33284
         904     6.33284
         905     6.33284
         906     6.33284
         907     6.33284
         908     6.33284
         909     6.33284
         910     6.33284
         911     6.33284
         912     6.33284
         913     6.33284
         914     6.33284
         915     6.33284
         916     6.33284
         917     6.33284
         918     6.33284
         919     6.33284
         920     6.33284
         921     6.33284
         922     6.33284
         923     6.33284
         924     6.33284
         925     6.33284
         926     6.33284
         927     6.33284
         928     6.33284
         929     6.33284
         930     6.33284
         931     6.33284
         932     6.33284
         933     6.33284
         934     6.33284
         935     6.33284
         936     6.33284
         937     6.33284
         938     6.33284
         939     6.33284
         940     6.33284
         941     6.33284
         942     6.33284
         943     6.33284
         944     6.33284
         945     6.33284
         946     6.33284
         947     6.33284
         948     6.33284
         949     6.33284
         950     6.33284
         951     6.33284
         952     6.33284
         953     6.33284
         954     6.33284
         955     6.33284
         956     6.33284
         957     6.33284
         958     6.33284
         959     6.33284
         960     6.33284
         961     6.33284
         962     6.33284
         963     6.33284
         964     6.33284
         965     6.33284
         966     6.33284
         967     6.33284
         968     6.33284
         969     6.33284
         970     6.33284
         971     6.33284
         972     6.33284
         973     6.33284
         974     6.33284
         975     6.33284
         976     6.33284
         977     6.33284
         978     6.33284
         979     6.33284
         980     6.33284
         981     6.33284
         982     6.33284
         983     6.33284
         984     6.33284
         985     6.33284
         986     6.33284
         987     6.33284
         988     6.33284
         989     6.33284
         990     6.33284
         991     6.33284
         992     6.33284
         993     6.33284
         994     6.33284
         995     6.33284
         996     6.33284
         997     6.33284
         998     6.33284
         999     6.33284
