           0     39.0128
           1     30.2727
           2     30.1145
           3     29.1279
           4     28.1656
           5     27.0886
           6     25.9474
           7     23.4211
           8     22.8563
           9     21.4952
          10     20.0246
          11     19.8653
          12     19.2363
          13     19.0679
          14     18.9086
          15     17.5212
          16     17.5212
          17     17.0024
          18     16.9715
          19     16.6662
          20     15.3934
          21     14.3994
          22     14.3994
          23     14.3994
          24     14.3385
          25     14.2786
          26     14.2786
          27     14.2786
          28     14.2786
          29     14.2176
          30     13.5726
          31     13.0474
          32     12.5843
          33     12.5843
          34     12.5572
          35     12.3157
          36     12.2887
          37     12.0104
          38     12.0104
          39     11.9495
          40     11.6574
          41     11.6574
          42     11.6574
          43      11.051
          44      11.051
          45      11.051
          46      11.051
          47     11.0239
          48     10.3492
          49     10.3492
          50     10.2664
          51     10.2664
          52     10.2664
          53     10.2664
          54     9.77295
          55     9.77295
          56     9.77295
          57     9.69016
          58     9.65101
          59     9.65101
          60     9.59214
          61     8.71713
          62     8.71713
          63     8.71713
          64     8.71713
          65     8.71557
          66     8.71557
          67     8.71557
          68      8.4393
          69      8.4393
          70      8.4393
          71     8.31205
          72     8.31205
          73     8.31205
          74     8.31205
          75     8.31205
          76     8.31205
          77     8.31205
          78     8.31205
          79     8.31205
          80     8.31205
          81     8.31205
          82     8.31205
          83     8.29536
          84     8.29536
          85     8.29536
          86     8.29536
          87     8.29536
          88     8.20643
          89     8.20643
          90     8.15063
          91     8.13395
          92     8.13395
          93     8.13395
          94     8.13125
          95     8.13125
          96     8.13125
          97     8.13125
          98     8.13125
          99     8.13125
         100     8.13125
         101     8.12973
         102     8.12973
         103     8.11457
         104     8.11457
         105     8.11457
         106     8.11457
         107     8.11457
         108     8.11457
         109     8.11457
         110     8.10149
         111     8.10149
         112     8.10149
         113     8.10149
         114     8.10149
         115     8.10149
         116     8.10149
         117     8.10149
         118     8.10149
         119     8.10149
         120     8.10149
         121     8.10149
         122     8.10149
         123     8.10149
         124     8.10149
         125     8.10149
         126     8.10149
         127     8.10149
         128     8.10149
         129     8.10149
         130     8.10149
         131     8.10149
         132     8.10149
         133     8.09997
         134     8.09997
         135     7.72996
         136     7.72996
         137     7.72996
         138     7.53208
         139     7.53208
         140     7.53208
         141     7.53208
         142     7.53208
         143     7.53208
         144     7.53208
         145     7.53208
         146     7.53208
         147     7.53208
         148     7.53208
         149     7.53208
         150     7.53208
         151     7.53208
         152     7.52958
         153     7.52958
         154     7.52958
         155     7.52958
         156     7.52958
         157     7.52958
         158     7.52958
         159     7.52958
         160     7.52958
         161     7.52958
         162     7.52958
         163     7.52958
         164     7.52958
         165     7.52958
         166     7.52958
         167     7.52958
         168     7.52958
         169     7.52958
         170     7.52958
         171     7.52958
         172     7.52958
         173     7.52958
         174     7.52783
         175     7.52783
         176     7.52783
         177     7.52783
         178     6.76594
         179     6.76594
         180     6.05329
         181     6.05329
         182     6.05329
         183     4.01645
         184     3.39252
         185     3.39252
         186     3.39252
         187     3.39252
         188     3.14459
         189     3.14459
         190     3.14459
         191     3.14459
         192     3.14459
         193     3.14459
         194     3.14459
         195     3.14459
         196     3.14459
         197     3.14459
         198     3.14459
         199     3.14459
         200     3.14459
         201     3.14459
         202     3.14459
         203     3.14459
         204     3.14459
         205     3.14459
         206     3.14459
         207     3.14459
         208     3.14459
         209     3.14459
         210     3.14459
         211     3.14459
         212     3.09699
         213     3.09699
         214     3.09699
         215     3.09699
         216     3.09699
         217     3.09699
         218     3.09699
         219     3.09699
         220     3.09699
         221     3.09699
         222     3.09699
         223     3.09699
         224     3.09699
         225     3.09699
         226     3.09699
         227     3.09699
         228     3.09699
         229     3.09699
         230     3.09699
         231     3.09699
         232     3.09699
         233     3.09699
         234     3.09699
         235     3.09699
         236     3.09699
         237     3.09699
         238     3.09699
         239     3.09699
         240     3.09699
         241     3.09699
         242     3.09699
         243     3.09699
         244     3.08893
         245     3.08893
         246     3.08893
         247     3.08893
         248     3.08893
         249     3.08893
         250     3.08893
         251     3.08893
         252     3.08893
         253     3.08893
         254     3.08893
         255     3.08893
         256     3.08893
         257     3.08893
         258     3.08893
         259     3.08893
         260     3.08893
         261     3.08893
         262     3.08893
         263     3.08893
         264     3.08893
         265     3.08893
         266     3.08893
         267     3.08893
         268     3.07572
         269     3.07572
         270     3.07572
         271     3.07572
         272     3.07572
         273     3.07572
         274     3.07572
         275     3.07572
         276     3.07572
         277     3.01599
         278     3.01599
         279     3.01599
         280     3.01599
         281     3.01599
         282     3.01599
         283     3.01599
         284     3.01599
         285     3.01599
         286      2.9999
         287      2.9999
         288      2.9999
         289      2.9999
         290      2.9999
         291      2.9999
         292      2.9999
         293      2.9999
         294      2.9999
         295      2.9999
         296      2.9999
         297      2.9999
         298      2.9999
         299      2.9999
         300      2.9999
         301      2.9999
         302      2.9999
         303      2.9999
         304      2.9999
         305      2.9999
         306      2.9999
         307      2.9999
         308      2.9999
         309      2.9999
         310      2.9999
         311      2.9999
         312      2.9999
         313      2.9999
         314      2.9999
         315      2.9999
         316      2.9999
         317      2.9999
         318      2.9999
         319      2.9999
         320      2.9999
         321      2.9999
         322      2.9999
         323      2.9999
         324      2.9999
         325      2.9999
         326      2.9999
         327      2.9999
         328      2.9999
         329      2.9999
         330      2.9999
         331      2.9999
         332      2.9999
         333      2.9999
         334      2.9999
         335      2.9999
         336      2.9999
         337      2.9999
         338      2.9999
         339      2.9999
         340      2.9999
         341      2.9999
         342      2.9999
         343      2.9999
         344      2.9999
         345      2.9999
         346      2.9999
         347      2.9999
         348      2.9999
         349      2.9999
         350      2.9999
         351      2.9999
         352      2.9999
         353      2.9999
         354      2.9999
         355      2.9999
         356      2.9999
         357      2.9999
         358      2.9999
         359      2.9999
         360      2.9999
         361      2.9999
         362      2.9999
         363      2.9999
         364      2.9999
         365      2.9999
         366      2.9999
         367      2.9999
         368      2.9999
         369      2.9999
         370      2.9999
         371      2.9999
         372      2.9999
         373      2.9999
         374      2.9999
         375      2.9999
         376      2.9999
         377      2.9999
         378      2.9999
         379      2.9999
         380      2.9999
         381      2.9999
         382      2.9999
         383      2.9999
         384      2.9999
         385      2.9999
         386      2.9999
         387      2.9999
         388      2.9999
         389      2.9999
         390      2.9999
         391      2.9999
         392      2.9999
         393      2.9999
         394      2.9999
         395      2.9999
         396      2.9999
         397      2.9999
         398      2.9999
         399      2.9999
         400      2.9999
         401      2.9999
         402      2.9999
         403      2.9999
         404      2.9999
         405      2.9999
         406      2.9999
         407      2.9999
         408      2.9999
         409      2.9999
         410      2.9999
         411      2.9999
         412      2.9999
         413      2.9999
         414      2.9999
         415      2.9999
         416      2.9999
         417      2.9999
         418      2.9999
         419      2.9999
         420      2.9999
         421      2.9999
         422      2.9999
         423      2.9999
         424      2.9999
         425      2.9999
         426      2.9999
         427      2.9999
         428      2.9999
         429      2.9999
         430      2.9999
         431      2.9999
         432      2.9999
         433      2.9999
         434      2.9999
         435      2.9999
         436      2.9999
         437      2.9999
         438      2.9999
         439      2.9999
         440      2.9999
         441      2.9999
         442      2.9999
         443      2.9999
         444      2.9999
         445      2.9999
         446      2.9999
         447      2.9999
         448      2.9999
         449      2.9999
         450      2.9999
         451      2.9999
         452      2.9999
         453      2.9999
         454      2.9999
         455      2.9999
         456      2.9999
         457      2.9999
         458      2.9999
         459      2.9999
         460      2.9999
         461      2.9999
         462      2.9999
         463      2.9999
         464      2.9999
         465      2.9999
         466      2.9999
         467      2.9999
         468      2.9999
         469      2.9999
         470      2.9999
         471      2.9999
         472      2.9999
         473      2.9999
         474      2.9999
         475      2.9999
         476      2.9999
         477      2.9999
         478      2.9999
         479      2.9999
         480      2.9999
         481      2.9999
         482      2.9999
         483      2.9999
         484      2.9999
         485      2.9999
         486      2.9999
         487      2.9999
         488      2.9999
         489      2.9999
         490      2.9999
         491      2.9999
         492      2.9999
         493      2.9999
         494      2.9999
         495      2.9999
         496      2.9999
         497      2.9999
         498      2.9999
         499      2.9999
         500      2.9999
         501      2.9999
         502      2.9999
         503      2.9999
         504      2.9999
         505      2.9999
         506      2.9999
         507      2.9999
         508      2.9999
         509      2.9999
         510      2.9999
         511      2.9999
         512      2.9999
         513      2.9999
         514      2.9999
         515      2.9999
         516      2.9999
         517      2.9999
         518      2.9999
         519      2.9999
         520      2.9999
         521      2.9999
         522      2.9999
         523      2.9999
         524      2.9999
         525      2.9999
         526      2.9999
         527      2.9999
         528      2.9999
         529      2.9999
         530      2.9999
         531      2.9999
         532      2.9999
         533      2.9999
         534      2.9999
         535      2.9999
         536      2.9999
         537      2.9999
         538      2.9999
         539      2.9999
         540      2.9999
         541      2.9999
         542      2.9999
         543      2.9999
         544      2.9999
         545      2.9999
         546      2.9999
         547      2.9999
         548      2.9999
         549      2.9999
         550      2.9999
         551      2.9999
         552      2.9999
         553      2.9999
         554      2.9999
         555      2.9999
         556      2.9999
         557      2.9999
         558      2.9999
         559      2.9999
         560      2.9999
         561      2.9999
         562      2.9999
         563      2.9999
         564      2.9999
         565      2.9999
         566      2.9999
         567      2.9999
         568      2.9999
         569      2.9999
         570      2.9999
         571      2.9999
         572      2.9999
         573      2.9999
         574      2.9999
         575      2.9999
         576      2.9999
         577      2.9999
         578      2.9999
         579      2.9999
         580      2.9999
         581      2.9999
         582      2.9999
         583      2.9999
         584      2.9999
         585      2.9999
         586      2.9999
         587      2.9999
         588      2.9999
         589      2.9999
         590      2.9999
         591      2.9999
         592      2.9999
         593      2.9999
         594      2.9999
         595      2.9999
         596      2.9999
         597      2.9999
         598      2.9999
         599      2.9999
         600      2.9999
         601      2.9999
         602      2.9999
         603      2.9999
         604      2.9999
         605      2.9999
         606      2.9999
         607      2.9999
         608      2.9999
         609      2.9999
         610      2.9999
         611      2.9999
         612      2.9999
         613      2.9999
         614      2.9999
         615      2.9999
         616      2.9999
         617      2.9999
         618      2.9999
         619      2.9999
         620      2.9999
         621      2.9999
         622      2.9999
         623      2.9999
         624      2.9999
         625      2.9999
         626      2.9999
         627      2.9999
         628      2.9999
         629      2.9999
         630      2.9999
         631      2.9999
         632      2.9999
         633      2.9999
         634      2.9999
         635      2.9999
         636      2.9999
         637      2.9999
         638      2.9999
         639      2.9999
         640      2.9999
         641      2.9999
         642      2.9999
         643      2.9999
         644      2.9999
         645      2.9999
         646      2.9999
         647      2.9999
         648      2.9999
         649      2.9999
         650      2.9999
         651      2.9999
         652      2.9999
         653      2.9999
         654      2.9999
         655      2.9999
         656      2.9999
         657      2.9999
         658      2.9999
         659      2.9999
         660      2.9999
         661      2.9999
         662      2.9999
         663      2.9999
         664      2.9999
         665      2.9999
         666      2.9999
         667      2.9999
         668      2.9999
         669      2.9999
         670      2.9999
         671      2.9999
         672      2.9999
         673      2.9999
         674      2.9999
         675      2.9999
         676      2.9999
         677      2.9999
         678      2.9999
         679      2.9999
         680      2.9999
         681      2.9999
         682      2.9999
         683      2.9999
         684      2.9999
         685      2.9999
         686      2.9999
         687      2.9999
         688      2.9999
         689      2.9999
         690      2.9999
         691      2.9999
         692      2.9999
         693      2.9999
         694      2.9999
         695      2.9999
         696      2.9999
         697      2.9999
         698      2.9999
         699      2.9999
         700     2.92868
         701     2.92868
         702     2.91495
         703     2.91495
         704     2.91495
         705     2.91495
         706     2.91495
         707     2.91495
         708     2.91495
         709     2.91495
         710     2.91495
         711     2.91495
         712     2.91495
         713     2.91495
         714     2.91495
         715     2.91495
         716     2.91495
         717     2.91495
         718     2.91495
         719     2.91495
         720     2.91495
         721     2.91495
         722     2.91495
         723     2.91495
         724     2.91495
         725     2.91495
         726     2.90423
         727     2.90423
         728     2.90423
         729     2.86403
         730     2.86403
         731     2.86403
         732     2.86403
         733     2.86403
         734     2.64773
         735     2.64773
         736     2.64773
         737     2.64773
         738     2.59692
         739     2.59692
         740     2.59692
         741     2.59692
         742     2.59692
         743     2.59692
         744     2.59692
         745     2.59692
         746     2.59692
         747     2.59692
         748     2.59692
         749     2.59692
         750     2.59692
         751     2.59692
         752     2.59692
         753     2.59692
         754     2.59692
         755     2.59692
         756     2.59692
         757     2.59692
         758     2.59692
         759     2.59692
         760     2.59692
         761     2.59692
         762     2.59692
         763     2.59692
         764     2.59692
         765     2.59692
         766     2.59692
         767     2.59692
         768     2.59692
         769     2.59692
         770     2.59692
         771     2.59692
         772     2.59692
         773     2.59692
         774     2.59692
         775     2.59692
         776     2.59692
         777     2.59692
         778     2.59692
         779     2.59692
         780     2.59692
         781     2.59692
         782     2.59692
         783     2.59692
         784     2.59692
         785     2.59692
         786     2.59692
         787     2.59692
         788     2.59692
         789     2.59692
         790     2.59692
         791     2.59692
         792     2.59692
         793     2.59692
         794     2.59692
         795     2.59692
         796     2.59692
         797     2.59692
         798     2.59692
         799     2.59692
         800     2.59692
         801     2.59692
         802     2.59692
         803     2.59692
         804     2.59692
         805     2.59692
         806     2.59692
         807     2.59692
         808     2.59692
         809       2.577
         810       2.577
         811       2.577
         812       2.577
         813       2.577
         814       2.577
         815       2.577
         816       2.577
         817       2.577
         818       2.577
         819       2.577
         820       2.577
         821       2.577
         822       2.577
         823       2.577
         824       2.577
         825       2.577
         826       2.577
         827       2.577
         828       2.577
         829       2.577
         830       2.577
         831       2.577
         832       2.577
         833       2.577
         834       2.577
         835       2.577
         836       2.577
         837       2.577
         838       2.577
         839       2.577
         840       2.577
         841       2.577
         842       2.577
         843       2.577
         844       2.577
         845       2.577
         846       2.577
         847       2.577
         848       2.577
         849       2.577
         850       2.577
         851       2.577
         852       2.577
         853       2.577
         854       2.577
         855       2.577
         856       2.577
         857       2.577
         858       2.577
         859       2.577
         860       2.577
         861       2.577
         862       2.577
         863       2.577
         864       2.577
         865       2.577
         866       2.577
         867       2.577
         868       2.577
         869       2.577
         870       2.577
         871       2.577
         872       2.577
         873       2.577
         874       2.577
         875       2.577
         876       2.577
         877       2.577
         878       2.577
         879       2.577
         880       2.577
         881       2.577
         882       2.577
         883       2.577
         884       2.577
         885       2.577
         886       2.577
         887       2.577
         888       2.577
         889       2.577
         890       2.577
         891       2.577
         892       2.577
         893       2.577
         894       2.577
         895       2.577
         896       2.577
         897       2.577
         898       2.577
         899       2.577
         900       2.577
         901       2.577
         902       2.577
         903       2.577
         904       2.577
         905       2.577
         906       2.577
         907       2.577
         908       2.577
         909       2.577
         910       2.577
         911       2.577
         912       2.577
         913       2.577
         914       2.577
         915       2.577
         916       2.577
         917       2.577
         918       2.577
         919       2.577
         920       2.577
         921       2.577
         922       2.577
         923       2.577
         924       2.577
         925       2.577
         926       2.577
         927       2.577
         928       2.577
         929       2.577
         930       2.577
         931       2.577
         932       2.577
         933       2.577
         934       2.577
         935       2.577
         936       2.577
         937       2.577
         938       2.577
         939       2.577
         940       2.577
         941       2.577
         942       2.577
         943       2.577
         944       2.577
         945       2.577
         946       2.577
         947       2.577
         948       2.577
         949       2.577
         950       2.577
         951       2.577
         952       2.577
         953       2.577
         954       2.577
         955       2.577
         956       2.577
         957       2.577
         958       2.577
         959       2.577
         960       2.577
         961       2.577
         962       2.577
         963       2.577
         964       2.577
         965       2.577
         966       2.577
         967       2.577
         968       2.577
         969       2.577
         970       2.577
         971       2.577
         972       2.577
         973       2.577
         974       2.577
         975       2.577
         976       2.577
         977       2.577
         978       2.577
         979       2.577
         980       2.577
         981       2.577
         982       2.577
         983       2.577
         984       2.577
         985       2.577
         986       2.577
         987       2.577
         988       2.577
         989       2.577
         990       2.577
         991       2.577
         992       2.577
         993       2.577
         994       2.577
         995       2.577
         996       2.577
         997       2.577
         998       2.577
         999       2.577
