           1       91.66
           2      115.64
           3      100.34
           4       89.56
           5      106.14
           6       83.36
           7       95.16
           8      109.46
           9       81.84
          10       116.9
          11       95.36
          12        95.2
          13      106.78
          14       87.16
          15       96.12
          16      101.86
          17        88.4
          18      122.76
          19       88.12
          20       86.98
          21       86.84
          22      102.58
          23       81.12
          24       91.66
          25      112.62
          26        74.3
          27       98.36
          28       95.12
          29       88.24
          30      110.62
          31      101.52
          32        89.7
          33       83.52
          34       99.52
          35      113.16
          36       107.2
          37       83.06
          38       89.64
          39      101.98
          40      119.46
          41       84.52
          42       92.54
          43      128.14
          44      104.28
          45       94.72
          46        84.5
          47       98.78
          48       99.52
          49       94.04
          50      111.82
          51      119.82
          52       98.78
          53       93.76
          54      115.18
          55       91.18
          56      133.64
          57       74.16
          58      110.62
          59      120.66
          60       86.42
          61       90.22
          62      114.96
          63      113.32
          64       84.32
          65      120.98
          66       81.26
          67      110.16
          68       87.94
          69      112.68
          70      115.02
          71      131.44
          72       93.02
          73        86.6
          74      112.24
          75       97.62
          76        72.3
          77       91.84
          78       97.34
          79      100.92
          80      114.74
          81      100.76
          82      106.56
          83      111.26
          84       110.9
          85      106.86
          86       94.02
          87      118.28
          88        95.2
          89       96.76
          90      106.04
          91      104.82
          92      101.96
          93      122.88
          94       89.98
          95        95.2
          96       91.38
          97       95.78
          98       89.78
          99       135.2
         100       93.08
         101       107.1
         102       85.08
         103       111.2
         104       99.16
         105       96.62
         106       88.28
         107      116.06
         108       101.1
         109      104.04
         110       88.96
         111       89.14
         112      104.52
         113       80.54
         114       71.58
         115      114.54
         116      111.48
         117       94.14
         118       82.76
         119       93.38
         120       101.5
         121      104.06
         122      101.16
         123       96.32
         124      115.42
         125        88.6
         126      104.58
         127      103.22
         128       81.34
         129      113.94
         130      114.58
         131      104.18
         132       86.72
         133       91.12
         134       94.08
         135       106.3
         136       85.42
         137       118.3
         138        97.9
         139       94.68
         140       77.94
         141      117.42
         142       69.44
         143      132.26
         144       86.96
         145      109.14
         146       79.62
         147      109.02
         148       95.02
         149       96.68
         150       73.22
