           1    0.501088    0.501088           0
           2    0.503175    0.502132  0.00104322
           3    0.504323    0.502862 0.000946878
           4    0.501116    0.502426 0.000799347
           5    0.499622    0.501865  0.00083538
           6    0.497646    0.501162 0.000979588
           7    0.501273    0.501178 0.000828056
           8    0.498684    0.500866 0.000781915
           9     0.50063     0.50084 0.000690084
          10     0.49982    0.500738 0.000625593
          11    0.497521    0.500445 0.000636978
          12    0.501919    0.500568   0.0005943
          13    0.500741    0.500581 0.000546839
          14    0.501696    0.500661 0.000512501
          15    0.500517    0.500651  0.00047721
          16    0.498974    0.500547 0.000458534
          17    0.502145    0.500641 0.000440861
          18    0.502403    0.500739 0.000427024
          19    0.500507    0.500726 0.000404108
          20    0.499368    0.500658 0.000389338
          21    0.503661    0.500801 0.000396975
          22    0.501065    0.500813  0.00037869
          23    0.498602    0.500717 0.000374406
          24    0.503151    0.500819 0.000372529
          25    0.501707    0.500854 0.000359079
          26    0.496573    0.500689 0.000382276
          27    0.501544    0.500721 0.000369204
          28    0.496571    0.500573  0.00038542
          29    0.496768    0.500442 0.000394362
          30    0.497052    0.500329  0.00039739
          31    0.498278    0.500263 0.000390007
          32    0.501947    0.500315 0.000381273
          33    0.496065    0.500186 0.000391339
          34    0.499932    0.500179 0.000379728
          35     0.50362    0.500277 0.000381599
          36    0.500835    0.500293 0.000371171
          37    0.496125     0.50018 0.000378163
          38    0.495712    0.500062 0.000386402
          39    0.499423    0.500046 0.000376721
          40    0.499298    0.500027 0.000367659
          41    0.494748    0.499899 0.000380998
          42    0.497234    0.499835 0.000377188
          43     0.49715    0.499773  0.00037357
          44    0.504373    0.499877  0.00037966
          45    0.497876    0.499833 0.000373783
          46     0.50245     0.49989 0.000369969
          47     0.50004    0.499893 0.000362026
          48    0.499442    0.499883 0.000354528
          49    0.500261    0.499891 0.000347303
          50    0.501089    0.499915 0.000341128
          51    0.496778    0.499854 0.000339982
          52    0.498999    0.499837 0.000333785
          53    0.499738    0.499835 0.000327432
          54    0.500626     0.49985 0.000321645
          55    0.490563    0.499681 0.000358055
          56     0.50272    0.499735 0.000355766
          57    0.501888    0.499773 0.000351504
          58    0.498055    0.499744 0.000346659
          59    0.502877    0.499797 0.000344847
          60    0.496631    0.499744 0.000343132
          61    0.501311     0.49977 0.000338436
          62    0.495452      0.4997 0.000340139
          63    0.497553    0.499666 0.000336426
          64    0.501276    0.499691 0.000332082
          65     0.49899     0.49968 0.000327111
          66    0.499846    0.499683 0.000322127
          67    0.499446    0.499679 0.000317302
          68    0.499488    0.499676 0.000312614
          69    0.498268    0.499656 0.000308725
          70    0.497791    0.499629 0.000305448
          71    0.501098     0.49965 0.000301824
          72    0.503256      0.4997 0.000301788
          73    0.506606    0.499795 0.000312299
          74    0.500628    0.499806 0.000308256
          75    0.498511    0.499789 0.000304608
          76    0.503494    0.499837 0.000304501
          77    0.502262    0.499869 0.000302166
          78    0.498661    0.499853 0.000298669
          79    0.499713    0.499852  0.00029487
          80    0.497709    0.499825 0.000292389
          81    0.510653    0.499959 0.000318198
          82     0.50042    0.499964 0.000314344
          83    0.500527    0.499971 0.000310607
          84    0.497273    0.499939 0.000308563
          85    0.503825    0.499985  0.00030832
          86    0.493832    0.499913    0.000313
          87    0.505242    0.499974 0.000315386
          88    0.502688    0.500005 0.000313303
          89    0.499624    0.500001 0.000309792
          90    0.500091    0.500002 0.000306332
          91    0.495578    0.499953 0.000306823
          92    0.497155    0.499923 0.000304991
          93    0.504463    0.499972 0.000305618
          94    0.500726     0.49998 0.000302456
          95    0.500857    0.499989 0.000299398
          96    0.502345    0.500013 0.000297278
          97    0.498292    0.499996 0.000294732
          98    0.498668    0.499982 0.000292024
          99    0.502173    0.500004 0.000289904
         100    0.500169    0.500006 0.000286995
         101    0.499764    0.500004  0.00028415
         102     0.49852    0.499989 0.000281726
         103    0.502257    0.500011 0.000279845
         104     0.50104    0.500021 0.000277318
         105    0.498407    0.500006 0.000275094
         106    0.499826    0.500004 0.000272491
         107     0.49655    0.499972 0.000271856
         108     0.50375    0.500007 0.000271589
         109    0.497291    0.499982 0.000270237
         110     0.50434    0.500021 0.000270685
         111    0.506169    0.500077 0.000273893
         112    0.495132    0.500033 0.000275003
         113    0.504997    0.500076 0.000276076
         114    0.496295    0.500043 0.000275648
         115    0.501476    0.500056 0.000273524
         116    0.496434    0.500024 0.000272947
         117    0.502785    0.500048 0.000271631
         118    0.502268    0.500067 0.000269976
         119    0.496447    0.500036  0.00026942
         120    0.497483    0.500015 0.000268012
         121    0.500766    0.500021  0.00026586
         122    0.493956    0.499972 0.000268317
         123    0.502643    0.499993 0.000267011
         124     0.49776    0.499975 0.000265461
         125    0.495666    0.499941 0.000265576
         126    0.500838    0.499948 0.000263556
         127    0.496174    0.499918 0.000263156
         128     0.50436    0.499953 0.000263388
         129    0.498698    0.499943  0.00026152
         130    0.499646    0.499941  0.00025951
         131    0.498072    0.499927 0.000257916
         132     0.49637      0.4999 0.000257369
         133     0.50433    0.499933 0.000257589
         134    0.495936    0.499903 0.000257395
         135     0.49936    0.499899 0.000255513
         136     0.49873    0.499891 0.000253772
         137    0.495353    0.499858 0.000254081
         138    0.500852    0.499865 0.000252336
         139    0.497214    0.499846 0.000251239
         140    0.498009    0.499833 0.000249783
         141    0.503152    0.499856  0.00024912
         142      0.4973    0.499838 0.000248013
         143    0.500242    0.499841 0.000246289
         144    0.503265    0.499865 0.000245726
         145     0.50237    0.499882 0.000244637
         146    0.500013    0.499883 0.000242957
         147    0.495844    0.499855 0.000242857
         148    0.502024     0.49987 0.000241655
         149    0.496284    0.499846 0.000241231
         150    0.499923    0.499846 0.000239618
