           1   0.0834858   0.0834858           0
           2   0.0849734   0.0842296 0.000743819
           3   0.0843981   0.0842858 0.000433099
           4    0.082676   0.0838833 0.000505712
           5   0.0843709   0.0839808 0.000403679
           6   0.0831017   0.0838343 0.000360702
           7   0.0850893   0.0840136 0.000353657
           8   0.0837474   0.0839803 0.000308078
           9   0.0832341   0.0838974 0.000284068
          10   0.0842519   0.0839329 0.000256539
          11   0.0825014   0.0838027 0.000266049
          12   0.0843781   0.0838507 0.000247555
          13   0.0828145    0.083771 0.000241264
          14   0.0825929   0.0836868 0.000238692
          15   0.0832504   0.0836577 0.000224106
          16   0.0827738   0.0836025 0.000216789
          17   0.0839222   0.0836213 0.000204504
          18   0.0837617   0.0836291 0.000192966
          19   0.0848175   0.0836916 0.000192947
          20   0.0835715   0.0836856 0.000183144
          21   0.0831579   0.0836605 0.000176008
          22   0.0840212   0.0836769 0.000168616
          23   0.0831178   0.0836526 0.000162942
          24   0.0825447   0.0836064 0.000162691
          25    0.083715   0.0836108 0.000156108
          26   0.0841374    0.083631 0.000151346
          27   0.0829344   0.0836052   0.0001479
          28   0.0832593   0.0835929 0.000143055
          29   0.0834363   0.0835875 0.000138139
          30   0.0843025   0.0836113 0.000135567
          31   0.0832099   0.0835984 0.000131758
          32   0.0837981   0.0836046 0.000127727
          33   0.0846542   0.0836364 0.000127817
          34   0.0830568   0.0836194 0.000125167
          35   0.0849702   0.0836579 0.000127519
          36   0.0833833   0.0836503  0.00012416
          37   0.0825998   0.0836219 0.000124051
          38   0.0829284   0.0836037 0.000122114
          39   0.0824567   0.0835743 0.000122523
          40   0.0827419   0.0835535  0.00012122
          41   0.0831799   0.0835443 0.000118577
          42   0.0838159   0.0835508   0.0001159
          43   0.0841117   0.0835639 0.000113922
          44    0.083154   0.0835545 0.000111692
          45   0.0832668   0.0835481 0.000109368
          46   0.0824718   0.0835248 0.000109494
          47   0.0849864   0.0835558 0.000111561
          48   0.0835635    0.083556 0.000109212
          49      0.0833   0.0835508 0.000107087
          50   0.0818054   0.0835159 0.000110578
          51   0.0835708    0.083517 0.000108394
          52   0.0835896   0.0835184 0.000106298
          53   0.0828237   0.0835052 0.000105094
          54   0.0832964   0.0835014 0.000103202
          55   0.0841265   0.0835127 0.000101943
          56    0.082569   0.0834959 0.000101515
          57   0.0826612   0.0834812 0.000100788
          58   0.0831149   0.0834749 9.92359e-05
          59   0.0836979   0.0834787 9.76127e-05
          60   0.0825124   0.0834626 9.73138e-05
          61   0.0832853   0.0834597 9.57493e-05
          62   0.0822544   0.0834403 9.61774e-05
          63   0.0838038    0.083446 9.48143e-05
          64    0.082654   0.0834337  9.4138e-05
          65   0.0843107   0.0834471 9.36555e-05
          66   0.0820979   0.0834267  9.4464e-05
          67   0.0835448   0.0834285 9.30601e-05
          68   0.0842711   0.0834409  9.2515e-05
          69   0.0833547   0.0834396 9.11729e-05
          70   0.0824927   0.0834261 9.08735e-05
          71   0.0828365   0.0834178 8.99686e-05
          72   0.0829458   0.0834112 8.89521e-05
          73   0.0827609   0.0834023 8.81763e-05
          74   0.0836861   0.0834061  8.7061e-05
          75   0.0830469   0.0834014 8.60258e-05
          76   0.0824491   0.0833888 8.58062e-05
          77   0.0832579   0.0833871 8.47015e-05
          78   0.0832507   0.0833854 8.36269e-05
          79   0.0834985   0.0833868 8.25739e-05
          80   0.0833625   0.0833865 8.15358e-05
          81   0.0833904   0.0833866 8.05229e-05
          82   0.0824094   0.0833746 8.04226e-05
          83   0.0834042    0.083375 7.94485e-05
          84   0.0825621   0.0833653 7.90913e-05
          85   0.0825384   0.0833556 7.87585e-05
          86   0.0814583   0.0833335 8.09034e-05
          87   0.0835634   0.0833362 8.00117e-05
          88   0.0820894    0.083322 8.03561e-05
          89    0.082572   0.0833136 7.98937e-05
          90   0.0830328   0.0833105 7.90626e-05
          91   0.0848478   0.0833273 7.99932e-05
          92   0.0836037   0.0833304 7.91759e-05
          93   0.0824559   0.0833209 7.88823e-05
          94   0.0839074   0.0833272 7.82876e-05
          95   0.0830262    0.083324 7.75239e-05
          96   0.0821722    0.083312 7.76447e-05
          97   0.0840903     0.08332 7.72578e-05
          98   0.0822918   0.0833096 7.71819e-05
          99   0.0826948   0.0833033 7.66502e-05
         100    0.082939   0.0832997 7.59673e-05
         101   0.0826884   0.0832936 7.54545e-05
         102   0.0840455    0.083301 7.50737e-05
         103   0.0833683   0.0833017 7.43442e-05
         104   0.0838467   0.0833069 7.38121e-05
         105   0.0826439   0.0833006  7.3378e-05
         106   0.0836054   0.0833035 7.27393e-05
         107   0.0838826   0.0833089 7.22593e-05
         108   0.0837181   0.0833127 7.16873e-05
         109   0.0840805   0.0833197  7.1375e-05
         110   0.0842184   0.0833279 7.11934e-05
         111   0.0837994   0.0833321 7.06769e-05
         112   0.0825528   0.0833252 7.03878e-05
         113    0.083933   0.0833306 6.99692e-05
         114   0.0852092    0.083347 7.12837e-05
         115   0.0834606    0.083348 7.06681e-05
         116    0.082113   0.0833374 7.08606e-05
         117   0.0838436   0.0833417 7.03854e-05
         118   0.0826781   0.0833361 7.00126e-05
         119   0.0845827   0.0833466 7.02077e-05
         120   0.0832358   0.0833456 6.96263e-05
         121    0.084608   0.0833561 6.98323e-05
         122   0.0825295   0.0833493 6.95881e-05
         123   0.0837665   0.0833527 6.91033e-05
         124   0.0825209    0.083346 6.88712e-05
         125   0.0832097   0.0833449 6.83267e-05
         126   0.0838377   0.0833488  6.7895e-05
         127   0.0836922   0.0833515 6.74125e-05
         128   0.0830096   0.0833488 6.69371e-05
         129   0.0841936   0.0833554 6.67382e-05
         130   0.0838461   0.0833592 6.63304e-05
         131   0.0826974   0.0833541 6.60157e-05
         132   0.0844497   0.0833624 6.60373e-05
         133   0.0825986   0.0833567   6.579e-05
         134   0.0833876   0.0833569 6.52976e-05
         135   0.0816032   0.0833439 6.61011e-05
         136   0.0832689   0.0833433 6.56156e-05
         137   0.0831025   0.0833416 6.51586e-05
         138   0.0828285   0.0833379 6.47914e-05
         139   0.0839862   0.0833425 6.44925e-05
         140   0.0839676    0.083347 6.41857e-05
         141   0.0824863   0.0833409 6.40205e-05
         142   0.0837198   0.0833436  6.3624e-05
         143   0.0844759   0.0833515 6.36718e-05
         144    0.083689   0.0833538 6.32715e-05
         145   0.0836313   0.0833557 6.28628e-05
         146   0.0827729   0.0833517 6.25582e-05
         147   0.0831343   0.0833503 6.21488e-05
         148   0.0841427   0.0833556 6.19593e-05
         149   0.0830524   0.0833536 6.15757e-05
         150    0.082826   0.0833501 6.12648e-05
