           1     15.1936     15.1936           0
           2     15.0807     15.1371   0.0564613
           3     15.0778     15.1174   0.0381208
           4      14.929     15.0703    0.054262
           5     14.8998     15.0362   0.0541228
           6     14.8227     15.0006   0.0567378
           7     14.9024     14.9866   0.0499619
           8     15.0545     14.9951   0.0440937
           9     14.9074     14.9853   0.0400889
          10     14.7273     14.9595   0.0441722
          11     14.8191     14.9467   0.0419461
          12     14.9278     14.9452    0.038324
          13     15.2376     14.9677   0.0418188
          14     14.9188     14.9642   0.0388734
          15     15.3983     14.9931   0.0463407
          16     14.7129     14.9756   0.0467511
          17     15.1859      14.988   0.0456245
          18     15.2089     15.0003   0.0447321
          19     14.9547     14.9979   0.0423801
          20     14.8206      14.989   0.0411708
          21     15.0515      14.992   0.0392741
          22     15.0032     14.9925   0.0374499
          23     14.8002     14.9841   0.0367483
          24     14.9134     14.9812   0.0353071
          25     14.9948     14.9817   0.0338697
          26     15.1863     14.9896   0.0334789
          27     15.1369      14.995   0.0326736
          28      15.121     14.9995   0.0318048
          29     15.4494      15.015   0.0343856
          30       14.94     15.0125   0.0333137
          31     14.6832     15.0019    0.033927
          32     14.7805      14.995   0.0335707
          33     14.7347     14.9871   0.0334799
          34     14.8686     14.9836   0.0326667
          35     14.9572     14.9829   0.0317286
          36     14.7597     14.9767   0.0314519
          37     15.1006       14.98   0.0307727
          38     15.0801     14.9827   0.0300674
          39     15.1867     14.9879   0.0297498
          40     14.6574     14.9796   0.0301507
          41     14.9026     14.9777    0.029466
          42     15.0829     14.9802   0.0288647
          43     15.2904     14.9875   0.0290936
          44     14.9826     14.9874    0.028425
          45     14.9637     14.9868   0.0277911
          46     15.2022     14.9915   0.0275804
          47     15.2934     14.9979   0.0277412
          48     15.1516     15.0011   0.0273451
          49     14.8536     14.9981     0.02695
          50     15.0186     14.9985   0.0264086
          51     14.7964     14.9946   0.0261873
          52     14.9834     14.9944   0.0256797
          53     14.9126     14.9928   0.0252376
          54     15.0192     14.9933   0.0247707
          55     14.6998      14.988   0.0248948
          56      14.901     14.9864   0.0244955
          57      15.083     14.9881   0.0241215
          58     14.7816     14.9845   0.0239678
          59     14.8913      14.983   0.0236111
          60     14.7398     14.9789   0.0235654
          61      14.912     14.9778   0.0232017
          62     15.0464     14.9789   0.0228512
          63     15.0463       14.98    0.022511
          64     14.9156      14.979   0.0221793
          65     14.9357     14.9783   0.0218456
          66     14.6977     14.9741   0.0219283
          67     15.1905     14.9773   0.0218388
          68     15.0554     14.9784   0.0215459
          69     14.8412     14.9765   0.0213243
          70     15.0523     14.9775   0.0210454
          71     15.0188     14.9781    0.020755
          72     14.9051     14.9771   0.0204898
          73      15.316     14.9817   0.0207335
          74     15.0432     14.9826   0.0204682
          75     15.1849     14.9853   0.0203729
          76     14.9312     14.9846   0.0201156
          77     14.8625      14.983   0.0199159
          78     14.9417     14.9825    0.019666
          79     14.8395     14.9806   0.0194997
          80     15.2255     14.9837   0.0194962
          81     15.4089      14.989   0.0199569
          82     14.7385     14.9859   0.0199472
          83     14.8104     14.9838   0.0198185
          84     15.0462     14.9845   0.0195953
          85     14.9061     14.9836   0.0193853
          86     14.8325     14.9818    0.019239
          87     15.2451     14.9849   0.0192559
          88     14.7665     14.9824   0.0191969
          89     15.1815     14.9846   0.0191114
          90     14.9927     14.9847   0.0188981
          91     15.0401     14.9853   0.0186991
          92     15.2267      14.988     0.01868
          93     15.0596     14.9887   0.0184941
          94     14.8663     14.9874   0.0183426
          95     15.0432      14.988    0.018158
          96     14.9053     14.9871   0.0179885
          97     14.4218     14.9813   0.0187319
          98     15.0488      14.982   0.0185525
          99     15.0531     14.9827   0.0183782
         100     14.9895     14.9828   0.0181936
         101     14.7792     14.9808    0.018125
         102     15.1203     14.9821   0.0179985
         103     15.0614     14.9829   0.0178395
         104     15.0075     14.9831   0.0176688
         105     14.7724     14.9811   0.0176144
         106     15.0529     14.9818   0.0174606
         107     15.2627     14.9844   0.0174947
         108      15.167     14.9861   0.0174141
         109     14.7781     14.9842   0.0173589
         110     15.2611     14.9867   0.0173836
         111     15.0668     14.9875   0.0172414
         112      15.052      14.988   0.0170965
         113     15.0193     14.9883   0.0169467
         114     14.4791     14.9838   0.0173811
         115     14.9333     14.9834   0.0172349
         116     14.9628     14.9832   0.0170866
         117     14.9095     14.9826   0.0169517
         118     14.6877     14.9801   0.0169922
         119     14.8142     14.9787   0.0169064
         120     14.6919     14.9763   0.0169344
         121       15.09     14.9773   0.0168201
         122     14.7945     14.9758   0.0167488
         123     14.9934     14.9759   0.0166127
         124      14.665     14.9734   0.0166679
         125     15.2445     14.9756   0.0166756
         126     14.8664     14.9747   0.0165654
         127     15.1864     14.9764   0.0165188
         128      15.041     14.9769    0.016397
         129     15.5106      14.981   0.0167872
         130     14.6039     14.9781   0.0169083
         131     14.6448     14.9756   0.0169705
         132     15.0918     14.9764   0.0168645
         133     14.6602     14.9741   0.0169052
         134     14.6941      14.972   0.0169082
         135     14.6699     14.9697    0.016931
         136     15.0103       14.97   0.0168087
         137     15.3171     14.9726   0.0168768
         138     14.7451     14.9709   0.0168349
         139     14.7889     14.9696   0.0167646
         140     14.9778     14.9697   0.0166445
         141     15.1044     14.9706   0.0165536
         142     14.6915     14.9687   0.0165538
         143     14.9501     14.9685   0.0164381
         144     14.9488     14.9684   0.0163241
         145     15.0386     14.9689   0.0162184
         146     14.8938     14.9684   0.0161151
         147     15.0524     14.9689   0.0160154
         148     14.8717     14.9683   0.0159203
         149     14.7748      14.967   0.0158664
         150     14.9613     14.9669   0.0157603
