           1     14.7669     14.7669           0
           2     14.8168     14.7919   0.0249404
           3     15.1452     14.9096    0.118646
           4     14.8518     14.8952   0.0851321
           5      14.835     14.8831   0.0670324
           6     14.5953     14.8352   0.0727825
           7     14.9475     14.8512   0.0635724
           8     14.9438     14.8628   0.0562591
           9     14.9424     14.8716    0.050399
          10     14.7036     14.8548   0.0481093
          11     14.7696     14.8471   0.0442005
          12      14.903     14.8517   0.0406173
          13     14.8743     14.8535   0.0374027
          14     14.8122     14.8505   0.0347533
          15     14.9706     14.8585   0.0333291
          16     15.0565     14.8709   0.0335426
          17     14.8475     14.8695    0.031538
          18     15.1247     14.8837   0.0329403
          19     14.7713     14.8778   0.0317155
          20     14.5843     14.8631   0.0334768
          21     15.1673     14.8776   0.0349823
          22     15.0248     14.8843   0.0340186
          23     15.4038     14.9069   0.0395824
          24     14.9636     14.9092    0.037971
          25     14.8608     14.9073    0.036472
          26     15.0322     14.9121   0.0353691
          27     14.8797     14.9109   0.0340552
          28     14.7569     14.9054   0.0332739
          29     14.8743     14.9043   0.0321239
          30     14.7518     14.8992   0.0314486
          31     15.0677     14.9047   0.0308988
          32     15.1679     14.9129   0.0310281
          33     14.8927     14.9123   0.0300794
          34     15.1156     14.9183   0.0297878
          35     14.3235     14.9013   0.0335473
          36     15.2518      14.911   0.0340249
          37     14.8609     14.9097   0.0331203
          38     15.0925     14.9145   0.0325939
          39      14.748     14.9102    0.032033
          40     15.1524     14.9163   0.0318035
          41     14.8014     14.9135   0.0311444
          42     14.9397     14.9141   0.0304002
          43     14.7307     14.9098   0.0299896
          44     14.8829     14.9092   0.0293065
          45     14.8465     14.9078   0.0286816
          46     15.0252     14.9104   0.0281671
          47      14.901     14.9102    0.027562
          48     15.0409     14.9129   0.0271188
          49     14.8947     14.9125   0.0265622
          50     15.0829     14.9159   0.0262476
          51     14.7727     14.9131   0.0258806
          52     14.8834     14.9125   0.0253844
          53     15.0027     14.9142   0.0249589
          54     15.0476     14.9167   0.0246165
          55     15.1261     14.9205   0.0244628
          56     14.7903     14.9182   0.0241343
          57     14.9816     14.9193   0.0237332
          58      14.687     14.9153   0.0236619
          59     15.0856     14.9182   0.0234359
          60     15.0884      14.921   0.0232161
          61     15.1191     14.9243    0.023062
          62     14.9949     14.9254   0.0227155
          63     15.1517      14.929   0.0226389
          64     15.2037     14.9333   0.0226919
          65     15.0339     14.9348   0.0223936
          66     14.6694     14.9308   0.0224154
          67     14.9701     14.9314   0.0220861
          68     14.8539     14.9303   0.0217887
          69     15.0698     14.9323   0.0215656
          70     14.8717     14.9314   0.0212729
          71     14.6559     14.9275   0.0213271
          72     15.2999     14.9327   0.0216555
          73     14.9494     14.9329    0.021358
          74     14.8453     14.9318   0.0211007
          75     14.9903     14.9325    0.020832
          76     14.7478     14.9301   0.0206993
          77     15.1481     14.9329    0.020624
          78     15.2286     14.9367   0.0207078
          79     15.1729     14.9397   0.0206613
          80     14.5451     14.9348   0.0209894
          81     15.3178     14.9395   0.0212612
          82     15.1489     14.9421    0.021155
          83     14.9493     14.9422   0.0208987
          84      15.385     14.9474   0.0213108
          85     14.6974     14.9445    0.021263
          86     14.9736     14.9448    0.021017
          87     14.9932     14.9454   0.0207815
          88     15.2292     14.9486   0.0207955
          89     15.1725     14.9511   0.0207139
          90     15.3212     14.9552   0.0208911
          91     14.8167     14.9537   0.0207163
          92     15.0803     14.9551    0.020536
          93     14.7457     14.9528   0.0204384
          94     15.1276     14.9547    0.020305
          95      14.693     14.9519   0.0202781
          96     15.2465      14.955    0.020299
          97     14.9321     14.9548     0.02009
          98     14.9529     14.9548    0.019884
          99     15.0155     14.9554   0.0196917
         100     15.1489     14.9573   0.0195896
         101     15.0514     14.9582    0.019417
         102     14.7629     14.9563   0.0193209
         103     15.3163     14.9598    0.019449
         104     15.2073     14.9622   0.0194075
         105     14.7039     14.9597   0.0193786
         106     14.9125     14.9593   0.0192001
         107     15.4305     14.9637   0.0195229
         108     14.9883     14.9639   0.0193426
         109     14.8371     14.9628   0.0191996
         110     14.9121     14.9623   0.0190299
         111     15.1845     14.9643   0.0189636
         112     15.1001     14.9655   0.0188326
         113     14.9022      14.965   0.0186736
         114     15.1142     14.9663   0.0185553
         115     15.2865      14.969   0.0186029
         116     15.1445     14.9706   0.0185038
         117     14.7219     14.9684   0.0184676
         118     15.3025     14.9713   0.0185279
         119     14.4886     14.9672   0.0188139
         120     14.6571     14.9646   0.0188346
         121     15.0208     14.9651   0.0186841
         122     15.0127     14.9655   0.0185344
         123      14.412      14.961   0.0189259
         124     15.1331     14.9624   0.0188239
         125     14.8839     14.9617   0.0186832
         126     15.3284     14.9646   0.0187614
         127      15.006      14.965   0.0186159
         128     15.0655     14.9658   0.0184866
         129     14.9474     14.9656   0.0183433
         130     14.7674     14.9641   0.0182654
         131     14.9328     14.9639    0.018127
         132     15.1128      14.965   0.0180245
         133     15.1983     14.9667   0.0179742
         134      14.982     14.9669   0.0178399
         135     15.0099     14.9672   0.0177102
         136     15.0416     14.9677    0.017588
         137     15.0672     14.9684   0.0174742
         138     14.9788     14.9685   0.0173473
         139     15.1402     14.9698   0.0172663
         140     14.9204     14.9694   0.0171461
         141     15.2163     14.9712   0.0171139
         142     14.8367     14.9702   0.0170193
         143       14.81     14.9691   0.0169369
         144     14.9428     14.9689   0.0168199
         145     14.9021     14.9684   0.0167098
         146     14.9881     14.9686   0.0165955
         147     14.4825     14.9653   0.0168107
         148     14.9174     14.9649   0.0166998
         149     15.0095     14.9652   0.0165901
         150     14.7777      14.964   0.0165265
