           1     5.44461     5.44461           0
           2     5.42233     5.43347   0.0111366
           3     5.47279     5.44658   0.0145977
           4     5.49881     5.45963   0.0166459
           5     5.43662     5.45503   0.0136909
           6     5.46005     5.45587   0.0112098
           7     5.37346     5.44409    0.015111
           8     5.54493      5.4567    0.018169
           9     5.43647     5.45445   0.0161805
          10     5.55457     5.46446   0.0175979
          11     5.50576     5.46822   0.0163546
          12     5.41577     5.46385   0.0155563
          13     5.50466     5.46699   0.0146501
          14     5.45616     5.46621   0.0135854
          15     5.43946     5.46443   0.0127724
          16     5.43168     5.46238   0.0121216
          17     5.39864     5.45863   0.0119877
          18     5.45644     5.45851   0.0113028
          19     5.63865     5.46799   0.0142895
          20     5.50006     5.46959   0.0136507
          21     5.46381     5.46932   0.0129873
          22     5.48462     5.47001   0.0124025
          23     5.56608     5.47419   0.0125654
          24     5.38825     5.47061    0.012552
          25     5.37437     5.46676   0.0126399
          26     5.32486      5.4613    0.013314
          27     5.38476     5.45847   0.0131213
          28     5.44065     5.45783     0.01266
          29     5.44514     5.45739   0.0122235
          30     5.60475     5.46231   0.0127898
          31      5.4606     5.46225   0.0123705
          32     5.62524     5.46734   0.0130157
          33     5.51495     5.46879   0.0126973
          34     5.57156     5.47181   0.0126836
          35     5.34474     5.46818   0.0128399
          36     5.52372     5.46972   0.0125732
          37     5.39386     5.46767   0.0123993
          38     5.48248     5.46806   0.0120749
          39     5.37578      5.4657   0.0119969
          40     5.53822     5.46751   0.0118328
          41     5.36574     5.46503   0.0118045
          42     5.45435     5.46477   0.0115228
          43     5.54861     5.46672   0.0114193
          44     5.54066      5.4684   0.0112826
          45     5.45918      5.4682    0.011031
          46     5.37262     5.46612   0.0109868
          47     5.45064     5.46579   0.0107555
          48     5.45522     5.46557   0.0105314
          49     5.58851     5.46808   0.0106149
          50      5.4004     5.46673   0.0104882
          51     5.44513      5.4663   0.0102892
          52     5.54381     5.46779   0.0101989
          53     5.55163     5.46937   0.0101289
          54      5.3801     5.46772   0.0100761
          55     5.46314     5.46764  0.00989156
          56     5.59767     5.46996    0.009987
          57     5.41546       5.469   0.0098567
          58      5.4767     5.46914  0.00968618
          59     5.51077     5.46984   0.0095467
          60     5.55419     5.47125  0.00949092
          61     5.44699     5.47085  0.00934251
          62     5.49078     5.47117  0.00919621
          63     5.43069     5.47053  0.00907184
          64     5.44322      5.4701  0.00893915
          65     5.50216      5.4706  0.00881437
          66     5.57588     5.47219  0.00882517
          67     5.45722     5.47197  0.00869532
          68     5.39764     5.47087  0.00863595
          69     5.41032        5.47    0.008555
          70     5.32359     5.46791  0.00868744
          71     5.44197     5.46754  0.00857199
          72     5.47505     5.46764  0.00845274
          73     5.28148     5.46509  0.00871751
          74     5.44393     5.46481  0.00860366
          75     5.32504     5.46294  0.00869033
          76     5.49734      5.4634  0.00858715
          77     5.45992     5.46335  0.00847502
          78     5.35522     5.46197  0.00847975
          79     5.51432     5.46263  0.00839792
          80     5.53213      5.4635  0.00833766
          81     5.43969      5.4632  0.00823933
          82     5.58252     5.46466  0.00826729
          83      5.5049     5.46514  0.00818146
          84     5.42421     5.46466  0.00809815
          85     5.37498      5.4636  0.00807155
          86     5.39118     5.46276  0.00802147
          87     5.39077     5.46193   0.0079718
          88     5.61846     5.46371  0.00807895
          89     5.38288      5.4628  0.00803912
          90     5.43298     5.46247  0.00795619
          91      5.4827     5.46269  0.00787142
          92     5.42915     5.46233  0.00779392
          93      5.4968      5.4627  0.00771856
          94     5.54326     5.46356  0.00768395
          95     5.49144     5.46385   0.0076083
          96     5.56535     5.46491   0.0076025
          97     5.62364     5.46654  0.00769963
          98     5.29967     5.46484  0.00780859
          99     5.40611     5.46425  0.00775205
         100     5.36932      5.4633  0.00773263
         101     5.57206     5.46437  0.00773104
         102     5.40384     5.46378  0.00767785
         103     5.42867     5.46344  0.00761058
         104     5.40165     5.46285  0.00756043
         105     5.36382      5.4619  0.00754723
         106     5.42059     5.46151  0.00748584
         107     5.30414     5.46004  0.00755999
         108     5.41501     5.45963  0.00750126
         109     5.47433     5.45976  0.00743335
         110     5.46676     5.45982  0.00736574
         111     5.28244     5.45823  0.00747196
         112      5.2448     5.45632  0.00764622
         113     5.33853     5.45528  0.00764961
         114     5.72253     5.45762  0.00793636
         115     5.36065     5.45678  0.00791211
         116     5.43199     5.45657  0.00784651
         117     5.51577     5.45707   0.0077956
         118     5.48998     5.45735  0.00773429
         119     5.62021     5.45872  0.00779018
         120      5.4675     5.45879  0.00772533
         121     5.41925     5.45847  0.00766819
         122     5.55069     5.45922  0.00764255
         123     5.42727     5.45896  0.00758461
         124     5.66416     5.46062  0.00770305
         125     5.30767     5.45939  0.00773852
         126     5.38122     5.45877  0.00770189
         127     5.26933     5.45728  0.00778524
         128     5.38148     5.45669  0.00774684
         129     5.39609     5.45622   0.0077009
         130     5.59495     5.45729  0.00771559
         131     5.56625     5.45812  0.00770152
         132     5.47965     5.45828  0.00764469
         133     5.60742      5.4594  0.00766941
         134     5.60883     5.46052  0.00769321
         135     5.44096     5.46037  0.00763738
         136     5.38383     5.45981  0.00760188
         137     5.49141     5.46004  0.00754971
         138     5.31121     5.45896  0.00757201
         139     5.50376     5.45928  0.00752424
         140     5.44746      5.4592  0.00747078
         141     5.42084     5.45893  0.00742259
         142     5.54925     5.45956  0.00739754
         143     5.33971     5.45873  0.00739328
         144      5.6329     5.45994  0.00744073
         145     5.55483     5.46059  0.00741816
         146     5.57387     5.46137  0.00740792
         147     5.48367     5.46152  0.00735892
         148     5.40464     5.46113  0.00731912
         149     5.45879     5.46112  0.00726985
         150     5.36103     5.46045  0.00725198
