           1     5.44741     5.44741           0
           2     5.38216     5.41479    0.032628
           3      5.4182     5.41592   0.0188722
           4     5.45679     5.42614   0.0168069
           5     5.52075     5.44506   0.0229681
           6     5.46677     5.44868   0.0190992
           7     5.54282     5.46213   0.0210097
           8     5.51613     5.46888   0.0194067
           9     5.35572     5.45631   0.0212373
          10     5.46804     5.45748   0.0190314
          11     5.43214     5.45518    0.017368
          12     5.58869      5.4663   0.0193692
          13     5.44641     5.46477   0.0178826
          14     5.59882     5.47435   0.0191254
          15     5.39774     5.46924   0.0185228
          16      5.3781     5.46354   0.0182389
          17     5.47975      5.4645   0.0171589
          18     5.49045     5.46594   0.0162417
          19     5.47848      5.4666   0.0153773
          20     5.63836     5.47519   0.0169284
          21     5.42474     5.47279   0.0162803
          22     5.44243     5.47141   0.0155839
          23     5.36194     5.46665    0.015633
          24      5.5355     5.46952   0.0152399
          25     5.47414      5.4697   0.0146188
          26     5.42916     5.46814   0.0141316
          27     5.43573     5.46694    0.013651
          28     5.54455     5.46971   0.0134433
          29     5.56425     5.47297   0.0133748
          30     5.55496      5.4757   0.0132071
          31     5.41647     5.47379   0.0129161
          32     5.45521     5.47321   0.0125194
          33     5.45664     5.47271   0.0121445
          34     5.52985     5.47439   0.0119011
          35      5.6219     5.47861   0.0123006
          36     5.25538     5.47241   0.0134666
          37     5.41396     5.47083   0.0131925
          38     5.52207     5.47217   0.0129112
          39      5.3158     5.46816   0.0131995
          40     5.51612     5.46936   0.0129211
          41     5.51535     5.47048   0.0126518
          42     5.40052     5.46882   0.0124587
          43     5.44907     5.46836   0.0121742
          44     5.49094     5.46887   0.0119054
          45     5.46323     5.46875   0.0116385
          46       5.489     5.46919   0.0113912
          47     5.57232     5.47138   0.0113601
          48     5.46165     5.47118   0.0111228
          49     5.55193     5.47283   0.0110174
          50     5.34598     5.47029   0.0110889
          51      5.5911     5.47266   0.0111244
          52     5.44993     5.47222   0.0109171
          53       5.491     5.47258    0.010715
          54     5.51853     5.47343   0.0105491
          55     5.45702     5.47313   0.0103598
          56      5.4897     5.47343   0.0101774
          57      5.3521      5.4713   0.0102214
          58     5.51175     5.47199   0.0100678
          59     5.33469     5.46967   0.0101656
          60     5.49044     5.47001   0.0100008
          61     5.55617     5.47143  0.00993635
          62     5.46071     5.47125   0.0097763
          63     5.47153     5.47126  0.00961987
          64     5.36193     5.46955  0.00962124
          65     5.47001     5.46956  0.00947206
          66      5.4383     5.46908  0.00933946
          67     5.37291     5.46765  0.00931032
          68     5.58462     5.46937  0.00933229
          69     5.43958     5.46894  0.00920617
          70     5.57737     5.47048  0.00920497
          71     5.61112     5.47247  0.00928805
          72     5.30775     5.47018  0.00943957
          73     5.44322     5.46981  0.00931669
          74     5.58198     5.47132   0.0093141
          75     5.37176        5.47  0.00928446
          76     5.37795     5.46879  0.00924119
          77     5.61941     5.47074  0.00932781
          78     5.40359     5.46988   0.0092476
          79     5.34731     5.46833  0.00926069
          80     5.59529     5.46992  0.00928088
          81     5.26039     5.46733   0.0095236
          82     5.41026     5.46663  0.00943245
          83     5.54793     5.46761  0.00936945
          84     5.42673     5.46713  0.00927002
          85     5.56769     5.46831  0.00923639
          86     5.41753     5.46772  0.00914744
          87     5.44266     5.46743  0.00904627
          88     5.41555     5.46684  0.00896229
          89     5.49838      5.4672   0.0088681
          90     5.45203     5.46703  0.00877063
          91     5.48538     5.46723  0.00867606
          92     5.53302     5.46794  0.00861099
          93     5.44366     5.46768   0.0085219
          94     5.54548     5.46851  0.00847128
          95     5.42722     5.46808  0.00839289
          96     5.38541     5.46721  0.00834953
          97      5.6291     5.46888  0.00842986
          98     5.33776     5.46755     0.00845
          99     5.42172     5.46708  0.00837701
         100     5.55166     5.46793  0.00833583
         101     5.39711     5.46723  0.00828262
         102     5.40046     5.46657   0.0082271
         103      5.4457     5.46637  0.00814935
         104     5.44926     5.46621  0.00807229
         105     5.54382     5.46694  0.00802914
         106     5.46044     5.46688  0.00795327
         107     5.28061     5.46514  0.00806863
         108     5.50471     5.46551  0.00800197
         109     5.44898     5.46536  0.00792966
         110     5.62958     5.46685  0.00799782
         111     5.41271     5.46636  0.00794043
         112     5.45331     5.46625  0.00787008
         113      5.4791     5.46636  0.00780095
         114     5.46338     5.46633  0.00773226
         115     5.47798     5.46643   0.0076654
         116       5.501     5.46673  0.00760487
         117     5.51672     5.46716  0.00755169
         118     5.41722     5.46674  0.00749937
         119     5.48085     5.46686  0.00743703
         120     5.50932     5.46721  0.00738328
         121     5.38731     5.46655  0.00735172
         122     5.38628     5.46589  0.00732084
         123     5.72358     5.46799  0.00755728
         124     5.50025     5.46825   0.0075006
         125      5.5392     5.46881  0.00746197
         126     5.28814     5.46738  0.00754011
         127     5.44025     5.46717  0.00748356
         128     5.39313     5.46659  0.00744736
         129     5.50905     5.46692  0.00739673
         130     5.46906     5.46693  0.00733963
         131     5.38101     5.46628  0.00731286
         132     5.38833     5.46569  0.00728123
         133     5.40948     5.46526  0.00723862
         134     5.44657     5.46512  0.00718575
         135     5.36751      5.4644  0.00716889
         136      5.4046     5.46396  0.00712955
         137      5.4241     5.46367   0.0070833
         138     5.37691     5.46304  0.00705983
         139     5.40039     5.46259  0.00702334
         140     5.45226     5.46252  0.00697338
         141     5.45915     5.46249  0.00692379
         142     5.50787     5.46281  0.00688228
         143     5.38239     5.46225  0.00685709
         144     5.60015     5.46321  0.00687631
         145     5.43421     5.46301  0.00683165
         146      5.5826     5.46383  0.00683397
         147     5.56083     5.46449  0.00681932
         148     5.50266     5.46475  0.00677799
         149     5.42601     5.46449  0.00673737
         150     5.55057     5.46506  0.00671686
