           0           0           0
           1     1.73205 5.99049e-09
           2     2.43989   0.0076262
           3     2.99987  0.00984268
           4      3.4762   0.0117465
           5     3.88613   0.0137863
           6       4.253   0.0168021
           7      4.5919   0.0165952
           8     4.90932   0.0166339
           9     5.19332   0.0185835
          10     5.46701   0.0211284
          11     5.73481   0.0212552
          12       5.998   0.0222134
          13     6.25152   0.0227625
          14     6.47897   0.0240617
          15      6.7005   0.0251383
          16     6.90066   0.0252067
          17     7.09654   0.0254179
          18     7.26571   0.0274655
          19     7.45607   0.0270929
          20     7.65245   0.0283705
          21     7.81232   0.0297625
          22     7.98999   0.0289195
          23     8.18921   0.0295553
          24     8.38071   0.0317912
          25     8.55781   0.0337454
          26     8.72616   0.0325445
          27     8.90833   0.0326592
          28     9.08631   0.0338289
          29     9.27018   0.0360467
          30     9.43093   0.0382409
          31     9.59312   0.0380429
          32     9.75154   0.0383268
          33     9.92031   0.0378435
          34     10.0844   0.0388803
          35     10.2301   0.0380884
          36     10.3637   0.0384508
          37     10.5023   0.0410071
          38     10.6358    0.039644
          39     10.7759    0.038972
          40     10.9081   0.0387461
          41     11.0607   0.0400138
          42     11.1905   0.0413759
          43      11.321   0.0408847
          44     11.4437    0.041838
          45     11.5753   0.0422187
          46     11.7095   0.0430002
          47     11.8334   0.0426482
          48     11.9528   0.0432783
          49     12.0664   0.0450091
          50     12.1852    0.046188
          51      12.316   0.0465351
          52     12.4384   0.0458833
          53     12.5555   0.0484698
          54     12.6698   0.0473624
          55     12.7733   0.0467086
          56     12.8937   0.0481777
          57     12.9864   0.0492152
          58     13.1164   0.0498029
          59     13.2338   0.0498996
          60     13.3357    0.050201
          61     13.4603   0.0511412
          62     13.5831   0.0498109
          63     13.6903   0.0505632
          64     13.7951   0.0495531
          65     13.9012   0.0503291
          66     14.0033   0.0489103
          67     14.1086   0.0487885
          68     14.2222   0.0493929
          69     14.3088   0.0502433
          70     14.4244   0.0511243
          71     14.5404   0.0514305
          72     14.6235   0.0507909
          73     14.7211   0.0511643
          74     14.8261   0.0520987
          75     14.9269   0.0537926
          76     15.0473   0.0547226
          77     15.1433   0.0559955
          78     15.2466    0.058059
          79      15.342   0.0574572
          80     15.4335   0.0587961
          81     15.5382   0.0598427
          82     15.6487   0.0590532
          83     15.7609   0.0595296
          84     15.8614   0.0605243
          85     15.9424   0.0612356
          86     16.0404   0.0600516
          87     16.1263   0.0607241
          88     16.2232   0.0599874
          89     16.3058   0.0606277
          90     16.3943   0.0621487
          91     16.5045   0.0632471
          92     16.5837   0.0632073
          93     16.6736   0.0637573
          94     16.7462   0.0635263
          95     16.8264   0.0639244
          96     16.9195   0.0633623
          97     17.0249   0.0629085
          98     17.0972   0.0640559
          99     17.1784   0.0633284
         100     17.2553   0.0644012
