           0           0           0
           1           1           0
           2     1.41404  0.00416743
           3     1.73081  0.00692231
           4     2.00657   0.0078574
           5     2.25386  0.00925095
           6     2.46182   0.0107678
           7     2.66217   0.0114847
           8     2.84569   0.0121044
           9      3.0154   0.0132553
          10     3.17247   0.0138713
          11     3.32027   0.0149975
          12       3.474   0.0151751
          13     3.61331   0.0156564
          14     3.75447   0.0171812
          15     3.88635   0.0174899
          16     4.01229   0.0170111
          17     4.13121   0.0176234
          18     4.24932    0.018257
          19     4.35581   0.0185564
          20     4.47047   0.0183053
          21     4.58002   0.0188005
          22     4.69319   0.0194717
          23      4.7883   0.0203505
          24     4.89087   0.0209966
          25     4.98465   0.0218014
          26     5.07913    0.020869
          27     5.16312    0.022246
          28     5.25403   0.0229241
          29     5.34774   0.0238334
          30     5.44539   0.0246749
          31     5.53986   0.0256348
          32     5.62719   0.0258041
          33     5.71946    0.026206
          34     5.81722   0.0275958
          35     5.90217   0.0278251
          36      5.9855   0.0284167
          37     6.06147   0.0289688
          38     6.14751   0.0293103
          39     6.22663   0.0288775
          40     6.31059   0.0280665
          41     6.37147   0.0288147
          42       6.459   0.0285968
          43     6.53729   0.0285934
          44     6.61292   0.0291013
          45     6.68708   0.0296179
          46     6.75606    0.030093
          47     6.82734   0.0293217
          48     6.90192   0.0294434
          49     6.97403   0.0292713
          50     7.05293   0.0281891
          51     7.12037   0.0282998
          52     7.18584   0.0295253
          53     7.25538   0.0308449
          54     7.32747   0.0301806
          55     7.38268   0.0309546
          56     7.44382   0.0307907
          57     7.51427   0.0306919
          58     7.59086    0.030299
          59     7.66185   0.0312334
          60     7.72787   0.0310378
          61     7.80013   0.0318691
          62     7.86375   0.0324664
          63     7.93264   0.0326294
          64     8.00452   0.0339347
          65     8.07454   0.0345746
          66     8.13529   0.0347459
          67     8.19748   0.0357607
          68     8.25699   0.0358877
          69     8.31089   0.0366206
          70     8.38192    0.036955
          71     8.45029   0.0364761
          72     8.51142    0.036401
          73     8.57118   0.0358626
          74     8.63613   0.0352311
          75     8.69422   0.0355329
          76     8.74741   0.0349592
          77     8.80789   0.0348866
          78     8.86722   0.0355551
          79     8.92568   0.0371197
          80     8.98099   0.0373439
          81     9.04035   0.0386559
          82     9.09939     0.03937
          83     9.15694   0.0387557
          84     9.21575   0.0397565
          85     9.26452   0.0403097
          86      9.3043   0.0398301
          87     9.36413   0.0396351
          88     9.40881   0.0399795
          89     9.47118   0.0399522
          90     9.50881   0.0403845
          91     9.56851   0.0401818
          92     9.62479    0.041738
          93     9.67703   0.0421039
          94     9.73064   0.0430821
          95     9.79151   0.0427443
          96     9.84908   0.0425785
          97      9.8975   0.0430929
          98     9.95103   0.0424737
          99     9.99724   0.0424649
         100     10.0418   0.0430497
