           1     2.53846     2.53846           0
           2        2.75     2.64423    0.105769
           3     2.12903      2.4725    0.182267
           4        2.75     2.54187    0.146368
           5       4.125      2.8585    0.336312
           6     3.88235     3.02914      0.3233
           7           3     3.02498     0.27327
           8         3.3     3.05936    0.239142
           9           3     3.05276    0.211007
          10     3.47368     3.09485    0.193367
          11     2.86957     3.07437    0.176102
          12        2.75     3.04734    0.163015
          13     3.14286     3.05469    0.150132
          14     3.88235     3.11381    0.151046
          15     3.14286     3.11574    0.140629
          16        2.75     3.09289    0.133518
          17     2.12903     3.03619    0.137638
          18     3.88235      3.0832    0.138019
          19     3.66667     3.11391    0.134116
          20         3.3     3.12321    0.127573
          21         3.3     3.13163    0.121638
          22         4.4     3.18928    0.129517
          23        2.75     3.17018    0.125223
          24     3.66667     3.19087    0.121663
          25     3.47368     3.20218    0.117242
          26     2.27586     3.16655    0.118143
          27     3.47368     3.17793    0.114251
          28     2.53846     3.15509    0.112439
          29         3.3     3.16009    0.108607
          30           3     3.15475     0.10506
          31     2.44444     3.13184    0.104166
          32     2.86957     3.12364    0.101191
          33     2.53846     3.10591   0.0996666
          34           3      3.1028    0.096741
          35         2.2       3.077   0.0974134
          36        2.75     3.06792   0.0951036
          37           3     3.06608   0.0925157
          38        2.75     3.05776   0.0904315
          39     3.88235     3.07891   0.0905843
          40           3     3.07693   0.0883127
          41     3.66667     3.09132   0.0873246
          42     2.53846     3.07816   0.0862307
          43     2.86957      3.0733   0.0843411
          44           3     3.07164   0.0824188
          45           6     3.13671    0.103565
          46     2.86957     3.13091    0.101455
          47         3.3      3.1345   0.0993378
          48         3.3     3.13795   0.0973074
          49     2.86957     3.13247   0.0954581
          50     2.86957     3.12722   0.0936771
          51        2.75     3.11982   0.0921194
          52     3.47368     3.12662   0.0905864
          53     3.47368     3.13317   0.0891018
          54     3.14286     3.13335   0.0874364
          55       4.125     3.15138   0.0877051
          56     2.86957     3.14635   0.0862716
          57     3.66667     3.15548   0.0852348
          58        2.75     3.14849   0.0840436
          59     2.86957     3.14376    0.082742
          60           3     3.14136   0.0813866
          61           3     3.13905   0.0800748
          62        2.64       3.131   0.0791829
          63     3.88235     3.14292   0.0788233
          64     3.14286     3.14292   0.0775819
          65        2.75     3.13688   0.0766179
          66     3.88235     3.14817   0.0762889
          67     3.14286     3.14809   0.0751416
          68         3.3     3.15033   0.0740621
          69           3     3.14815   0.0730133
          70       4.125      3.1621   0.0733033
          71     2.86957     3.15798   0.0723809
          72     3.14286     3.15777   0.0713688
          73     3.14286     3.15757   0.0703846
          74     3.14286     3.15737   0.0694273
          75       4.125     3.17027   0.0696998
          76           3     3.16803   0.0688131
          77         4.4     3.18403   0.0697727
          78        2.75     3.17847   0.0690968
          79        2.75     3.17304   0.0684318
          80     2.35714     3.16284   0.0683364
          81     3.47368     3.16668   0.0675964
          82        2.75      3.1616   0.0669601
          83         3.3     3.16327   0.0661694
          84     4.71429     3.18173   0.0679344
          85     3.14286     3.18127    0.067132
          86        2.75     3.17626    0.066536
          87         3.3     3.17768   0.0657822
          88     3.88235     3.18569   0.0655215
          89     3.66667     3.19109   0.0650062
          90     2.53846     3.18384   0.0646876
          91        2.64     3.17787   0.0642513
          92     3.47368     3.18108   0.0636304
          93        2.64     3.17526   0.0632108
          94           3      3.1734   0.0625625
          95        2.64     3.16778   0.0621546
          96        2.75     3.16343   0.0616575
          97     3.66667     3.16862   0.0612387
          98     2.44444     3.16123   0.0610594
          99     2.27586     3.15229   0.0610975
         100        2.64     3.14716   0.0607001
         101     3.14286     3.14712   0.0600961
         102     2.35714     3.13938   0.0600059
         103        2.75      3.1356   0.0595406
         104         3.3     3.13718   0.0589865
         105     3.14286     3.13723    0.058422
         106         3.3     3.13877   0.0578886
         107        2.75     3.13513     0.05746
         108         3.3     3.13666    0.056946
         109        2.75     3.13311   0.0565325
         110        2.64     3.12863   0.0561953
         111     2.86957      3.1263   0.0557357
         112     2.53846     3.12105   0.0554846
         113     3.14286     3.12124   0.0549917
         114         3.3     3.12281   0.0545297
         115        2.75     3.11957   0.0541506
         116     3.88235     3.12614    0.054083
         117     2.53846     3.12112   0.0538535
         118     2.86957     3.11899   0.0534377
         119     3.88235      3.1254   0.0533737
         120           3     3.12436   0.0529373
         121     2.53846     3.11952   0.0527208
         122     3.66667       3.124   0.0524789
         123     3.66667     3.12841   0.0522371
         124     3.66667     3.13275   0.0519957
         125       4.125     3.14069   0.0521853
         126     3.66667     3.14487   0.0519375
         127        2.75     3.14176   0.0516206
         128        2.64     3.13784   0.0513656
         129         5.5     3.15615   0.0541555
         130     2.35714        3.15   0.0540877
         131     4.71429     3.16194   0.0549855
         132     3.47368      3.1643   0.0546184
         133        2.64     3.16036   0.0543493
         134           3     3.15917   0.0539555
         135     5.07692     3.17337   0.0554064
         136     3.88235     3.17858    0.055244
         137           3     3.17728   0.0548547
         138           3       3.176   0.0544709
         139     2.35714     3.17011   0.0543976
         140        2.64     3.16632   0.0541402
         141     2.27586        3.16   0.0541246
         142       4.125      3.1668     0.05417
         143           3     3.16563   0.0538025
         144         3.3     3.16657   0.0534357
         145         3.3     3.16749   0.0530739
         146     2.86957     3.16545   0.0527486
         147     2.86957     3.16343   0.0524272
         148     2.53846     3.15921   0.0522427
         149     3.66667     3.16262   0.0520025
         150     2.86957     3.16066   0.0516916
