           1       5.083       5.083           0
           2     4.90813     4.99557   0.0874363
           3     5.16048     5.05054   0.0746333
           4     5.05172     5.05083   0.0527745
           5     5.03596     5.04786    0.040987
           6     4.99424     5.03892   0.0346384
           7      4.9553     5.02697   0.0316184
           8     4.90988     5.01234   0.0310486
           9     4.80853     4.98969   0.0355332
          10     5.00232     4.99096   0.0318069
          11     5.04744     4.99609    0.029225
          12     4.97761     4.99455   0.0267231
          13     5.01922     4.99645   0.0246548
          14     4.88974     4.98883   0.0240648
          15       4.904     4.98317   0.0231057
          16     4.92655     4.97963   0.0219013
          17     4.88685     4.97417   0.0212842
          18     4.99346     4.97525   0.0200955
          19     5.10653     4.98216   0.0202254
          20      5.0334     4.98472   0.0193578
          21     4.94057     4.98261   0.0185326
          22     5.07503     4.98682   0.0181625
          23     5.00184     4.98747   0.0173672
          24     5.11978     4.99298   0.0175179
          25     5.04171     4.99493   0.0169152
          26     5.07949     4.99818   0.0165739
          27      4.8666     4.99331   0.0166762
          28     4.90134     4.99002   0.0164018
          29     4.89674     4.98681   0.0161498
          30      5.1308     4.99161   0.0163237
          31     4.98135     4.99128   0.0157918
          32     4.97895     4.99089   0.0152952
          33     5.01215     4.99154   0.0148385
          34     4.87917     4.98823   0.0147699
          35     4.95541     4.98729   0.0143724
          36      5.0965     4.99033    0.014293
          37     4.94074     4.98899   0.0139658
          38     5.03977     4.99032   0.0136589
          39     4.98582     4.99021   0.0133045
          40     4.88202      4.9875   0.0132467
          41     4.93828      4.9863   0.0129752
          42      4.9953     4.98652   0.0126644
          43     5.04696     4.98792    0.012446
          44     5.09632     4.99039   0.0124068
          45     5.04439     4.99159   0.0121872
          46     5.04432     4.99273   0.0119743
          47     4.86985     4.99012    0.012005
          48      4.8792     4.98781   0.0119772
          49     4.87956      4.9856   0.0119364
          50     5.07082      4.9873   0.0118188
          51     4.99549     4.98746   0.0115859
          52     4.94516     4.98665     0.01139
          53     4.84309     4.98394   0.0114967
          54      4.9528     4.98336   0.0112965
          55     4.93853     4.98255   0.0111191
          56     4.88462      4.9808   0.0110579
          57     5.07827     4.98251   0.0109959
          58      4.9649     4.98221    0.010809
          59     4.87888     4.98046   0.0107675
          60     4.91925     4.97944   0.0106356
          61     4.93901     4.97877   0.0104808
          62     5.08747     4.98053   0.0104583
          63     4.81373     4.97788   0.0106261
          64     5.20564     4.98144   0.0110477
          65     4.93637     4.98074   0.0108985
          66     5.11986     4.98285   0.0109371
          67     5.12891     4.98503    0.010991
          68     4.91597     4.98402   0.0108757
          69     4.89063     4.98266    0.010802
          70     5.03469     4.98341   0.0106725
          71     5.08695     4.98486   0.0106217
          72     4.84788     4.98296   0.0106445
          73     5.07349      4.9842   0.0105707
          74     5.14358     4.98636    0.010647
          75     4.91656     4.98542   0.0105452
          76     4.98499     4.98542   0.0104055
          77     4.93883     4.98481   0.0102873
          78     5.23322       4.988   0.0106423
          79     5.14861     4.99003   0.0107016
          80      4.9561     4.98961   0.0105755
          81     5.01253     4.98989   0.0104479
          82     5.06445      4.9908   0.0103597
          83     5.00266     4.99094   0.0102351
          84     4.86418     4.98943   0.0102245
          85     4.94841     4.98895    0.010115
          86     4.94232     4.98841   0.0100114
          87     5.09584     4.98964  0.00997243
          88     5.00229     4.98979   0.0098595
          89     4.96152     4.98947  0.00975326
          90      5.1613     4.99138  0.00983145
          91     4.95209     4.99095  0.00973239
          92     5.03615     4.99144  0.00963856
          93     5.05123     4.99208  0.00955601
          94     4.90706     4.99118  0.00949697
          95     4.88599     4.99007  0.00946148
          96     5.00189     4.99019  0.00936321
          97      4.9655     4.98994  0.00926968
          98     4.93865     4.98941  0.00918952
          99     4.92715     4.98879  0.00911794
         100     4.94661     4.98836  0.00903615
         101     5.12302      4.9897  0.00904504
         102     4.77692     4.98761  0.00919567
         103     5.11763     4.98887  0.00919303
         104     5.03798     4.98935  0.00911644
         105      4.9476     4.98895  0.00903795
         106     4.96373     4.98871  0.00895545
         107     5.02609     4.98906  0.00887823
         108     4.99532     4.98912  0.00879583
         109     4.88864      4.9882  0.00876338
         110     5.08162     4.98904  0.00872479
         111     4.92088     4.98843  0.00866761
         112      4.9452     4.98804  0.00859853
         113     5.08615     4.98891  0.00856621
         114     4.95684     4.98863   0.0084954
         115     4.79304     4.98693  0.00859124
         116     4.82762     4.98556  0.00862687
         117     4.98941     4.98559  0.00855288
         118     5.17295     4.98718  0.00862746
         119     4.96645       4.987  0.00855642
         120     4.88761     4.98618  0.00852516
         121     5.05991     4.98679  0.00847634
         122     4.97212     4.98667  0.00840743
         123     4.95938     4.98644  0.00834175
         124     4.94471     4.98611  0.00828105
         125     5.17852     4.98765  0.00835751
         126     4.90464     4.98699  0.00831705
         127     4.98666     4.98698   0.0082513
         128     5.01309     4.98719  0.00818912
         129     5.04278     4.98762  0.00813681
         130     4.78743     4.98608  0.00821952
         131     4.88898     4.98534  0.00819014
         132     5.10153     4.98622  0.00817538
         133     4.98287     4.98619  0.00811372
         134     5.12347     4.98722  0.00811784
         135     5.04709     4.98766  0.00806968
         136     4.95838     4.98745  0.00801302
         137      5.1024     4.98829  0.00799845
         138     5.13456     4.98935  0.00801071
         139     5.05581     4.98982  0.00796723
         140     4.86205     4.98891  0.00796259
         141     5.18984     4.99034  0.00803332
         142     5.09924      4.9911  0.00801333
         143     5.08638     4.99177  0.00798494
         144     5.07342     4.99234  0.00794954
         145     5.05174     4.99275  0.00790515
         146     4.91987     4.99225  0.00786667
         147     4.92223     4.99177  0.00782748
         148     4.87026     4.99095  0.00781764
         149     5.12561     4.99185  0.00781742
         150     4.90262     4.99126  0.00778788
         151     5.20538     4.99268  0.00786502
         152     4.97841     4.99258  0.00781367
         153     5.11432     4.99338   0.0078031
         154     5.14313     4.99435  0.00781302
         155     5.01894     4.99451  0.00776407
         156     4.91597     4.99401  0.00773055
         157     5.02021     4.99417  0.00768297
         158     5.00061     4.99421  0.00763429
         159     5.00339     4.99427  0.00758635
         160      4.9383     4.99392  0.00754689
         161     4.93993     4.99359  0.00750737
         162     5.16002     4.99461  0.00753128
         163      4.9991     4.99464  0.00748499
         164     4.92763     4.99423  0.00745042
         165     4.86703     4.99346  0.00744515
         166      4.9655     4.99329  0.00740208
         167     4.97333     4.99317   0.0073586
         168     5.02867     4.99338  0.00731772
         169     4.99534      4.9934   0.0072743
         170       5.065     4.99382  0.00724364
         171     5.05198     4.99416  0.00720918
         172     4.87752     4.99348  0.00719915
         173     5.13858     4.99432  0.00720639
         174     4.96921     4.99417  0.00716631
         175     4.99812      4.9942  0.00712528
         176     4.98877     4.99417  0.00708474
         177     4.88285     4.99354  0.00707262
         178     5.02394     4.99371  0.00703485
         179      4.9738      4.9936  0.00699632
         180     5.04325     4.99387  0.00696281
         181     4.89598     4.99333  0.00694533
         182     4.93307       4.993  0.00691499
         183      4.9223     4.99261  0.00688794
         184     5.03666     4.99285  0.00685459
         185     5.17605     4.99384  0.00688898
         186     4.90278     4.99335  0.00686931
         187     5.08209     4.99383  0.00684894
         188     4.92464     4.99346  0.00682234
         189     4.99432     4.99346  0.00678615
         190     4.97253     4.99335  0.00675124
         191     4.98021     4.99329  0.00671615
         192     5.03455      4.9935  0.00668453
         193     5.01418     4.99361  0.00665067
         194     5.13069     4.99431  0.00665393
         195     4.99822     4.99433  0.00661975
         196     4.81528     4.99342  0.00664895
         197     5.02154     4.99356  0.00661665
         198      5.1422     4.99431  0.00662581
         199     5.09289     4.99481  0.00661102
         200     4.88254     4.99425  0.00660179
