           1     5.10173     5.10173           0
           2     4.88701     4.99437    0.107362
           3     5.04812     5.01228   0.0645225
           4     4.90045     4.98433   0.0535099
           5     5.02957     4.99337    0.042425
           6      5.1555     5.02039   0.0439321
           7     4.81659     4.99128   0.0471836
           8     5.19092     5.01623   0.0478797
           9     4.95896     5.00987   0.0427028
          10     5.03717      5.0126    0.038292
          11     4.99821     5.01129   0.0346611
          12     5.05094      5.0146   0.0318132
          13      4.9783      5.0118   0.0293968
          14      4.8357     4.99923   0.0299824
          15     4.91142     4.99337   0.0285193
          16     4.85158     4.98451   0.0281108
          17     4.78953     4.97304   0.0287889
          18     5.01029     4.97511   0.0272212
          19     4.94938     4.97376   0.0257843
          20     5.19858       4.985   0.0269204
          21     4.94183     4.98294   0.0256888
          22     5.12851     4.98956   0.0253713
          23     4.87366     4.98452   0.0247613
          24     5.21165     4.99398   0.0255262
          25     5.00775     4.99453   0.0244901
          26     5.02931     4.99587   0.0235673
          27      4.8695     4.99119   0.0231556
          28     4.98102     4.99083   0.0223162
          29     5.01214     4.99156   0.0215455
          30     4.93204     4.98958   0.0209093
          31     5.04739     4.99144   0.0203094
          32     5.17134     4.99706   0.0204522
          33     5.01681     4.99766   0.0198318
          34      5.0655     4.99966   0.0193429
          35     4.98802     4.99933    0.018785
          36     4.97991     4.99879   0.0182637
          37      5.0553     5.00031   0.0178288
          38     4.89381     4.99751   0.0175782
          39     5.12613     5.00081   0.0174363
          40     4.96186     4.99984   0.0170226
          41     4.99582     4.99974   0.0166026
          42     5.11747     5.00254   0.0164431
          43     4.91607     5.00053   0.0161816
          44     5.14088     5.00372   0.0161282
          45     5.05243      5.0048   0.0158028
          46     5.09034     5.00666   0.0155669
          47     4.85953     5.00353   0.0155504
          48     5.02944     5.00407   0.0152326
          49     5.01149     5.00422   0.0149192
          50     4.86955     5.00153   0.0148639
          51     5.04454     5.00237   0.0145939
          52     5.06369     5.00355    0.014359
          53     4.97854     5.00308   0.0140934
          54     4.83681           5   0.0141685
          55     4.87351      4.9977   0.0140974
          56     5.21225     5.00153   0.0143637
          57     4.96495     5.00089   0.0141241
          58     5.08243      5.0023   0.0139494
          59     5.08248     5.00365   0.0137781
          60     5.05035     5.00443   0.0135689
          61     4.98805     5.00416   0.0133473
          62     4.89471      5.0024   0.0132484
          63     4.97571     5.00198   0.0130433
          64     4.90284     5.00043    0.012931
          65      4.9717     4.99998   0.0127382
          66     4.94155      4.9991   0.0125749
          67     4.91267     4.99781   0.0124528
          68     5.03063     4.99829   0.0122778
          69     5.07438     4.99939   0.0121487
          70     4.96559     4.99891   0.0119836
          71     4.89303     4.99742   0.0119074
          72     4.82274     4.99499   0.0119889
          73      5.0183     4.99531   0.0118278
          74     4.88332      4.9938   0.0117646
          75     4.88128      4.9923   0.0117033
          76     4.86183     4.99058   0.0116751
          77     4.90211     4.98943   0.0115797
          78     5.09176     4.99075   0.0115053
          79     5.20115     4.99341   0.0116668
          80     4.98672     4.99333   0.0115203
          81     4.82075     4.99119    0.011575
          82     5.21518     4.99393   0.0117548
          83     4.91109     4.99293   0.0116551
          84      4.9363     4.99225   0.0115352
          85     4.99182     4.99225   0.0113987
          86     4.88018     4.99095   0.0113405
          87      5.0248     4.99133   0.0112161
          88     4.78153     4.98895   0.0113414
          89     4.99061     4.98897   0.0112132
          90      5.0413     4.98955   0.0111032
          91      5.0726     4.99046   0.0110184
          92     5.09148     4.99156   0.0109531
          93     5.06891     4.99239   0.0108666
          94     4.91941     4.99162   0.0107783
          95     5.01712     4.99189   0.0106677
          96     4.85665     4.99048   0.0106495
          97     4.97847     4.99035   0.0105399
          98     5.01372     4.99059   0.0104345
          99      5.1788     4.99249   0.0105021
         100     4.99333      4.9925   0.0103965
         101     5.06258     4.99319   0.0103164
         102     4.90737     4.99235   0.0102494
         103     5.14726     4.99386   0.0102602
         104     5.05173     4.99441   0.0101763
         105     5.05923     4.99503   0.0100978
         106     4.86665     4.99382   0.0100752
         107     5.02291     4.99409  0.00998427
         108     5.12406     4.99529  0.00996433
         109     5.02724     4.99559  0.00987684
         110     5.09263     4.99647  0.00982632
         111     5.17567     4.99808  0.00987032
         112     4.99651     4.99807   0.0097818
         113     4.89859     4.99719  0.00973474
         114     4.93577     4.99665    0.009664
         115     4.96255     4.99635  0.00958419
         116     4.95007     4.99596  0.00950958
         117     4.84467     4.99466  0.00951621
         118     4.76973     4.99276  0.00962585
         119     5.07237     4.99343  0.00956803
         120     4.82844     4.99205  0.00958706
         121     4.95782     4.99177  0.00951171
         122     5.04528     4.99221  0.00944362
         123     4.95047     4.99187  0.00937267
         124     5.00145     4.99194   0.0092971
         125     4.95777     4.99167  0.00922647
         126      5.1935     4.99327  0.00929205
         127     5.10878     4.99418  0.00926336
         128     4.90804     4.99351  0.00921531
         129     5.06267     4.99405   0.0091593
         130     4.92126     4.99349   0.0091058
         131     4.80687     4.99206  0.00914762
         132     4.88237     4.99123  0.00911601
         133     4.96685     4.99105  0.00904907
         134     5.04443     4.99145  0.00899011
         135     4.88935     4.99069  0.00895526
         136     5.05923     4.99119  0.00890344
         137     5.07411      4.9918  0.00885891
         138     5.02107     4.99201  0.00879704
         139      5.1762     4.99334  0.00883348
         140     5.15163     4.99447  0.00884274
         141     4.89688     4.99377  0.00880704
         142     5.14093     4.99481  0.00880599
         143     4.94912     4.99449  0.00875002
         144     5.12628     4.99541  0.00873711
         145     5.04243     4.99573  0.00868271
         146     5.03251     4.99598  0.00862671
         147     4.86096     4.99506  0.00861692
         148     4.97539     4.99493  0.00855953
         149     4.87907     4.99415  0.00853737
         150     4.91142      4.9936  0.00849819
         151     5.15289     4.99466  0.00850738
         152     4.98489     4.99459  0.00845147
         153     4.85855      4.9937    0.008443
         154     4.96244      4.9935  0.00839045
         155      4.9826     4.99343  0.00833644
         156     5.02996     4.99366  0.00828614
         157     5.00394     4.99373  0.00823345
         158     4.93132     4.99333  0.00819071
         159     5.02711     4.99355   0.0081418
         160     5.09009     4.99415  0.00811322
         161     5.05943     4.99456  0.00807286
         162     5.11773     4.99532  0.00805882
         163     4.91644     4.99483  0.00802383
         164     4.88369     4.99415   0.0080035
         165     5.04233     4.99445   0.0079602
         166     5.03081     4.99467  0.00791514
         167     4.98763     4.99462  0.00786771
         168     4.93613     4.99428  0.00782848
         169     4.92732     4.99388   0.0077921
         170     5.14397     4.99476  0.00779629
         171     4.91536      4.9943  0.00776446
         172     5.14616     4.99518  0.00776951
         173     4.97708     4.99508  0.00772518
         174     5.07152     4.99552  0.00769321
         175     5.08376     4.99602  0.00766573
         176      4.8162       4.995  0.00769022
         177     5.03001      4.9952   0.0076492
         178     4.90588     4.99469  0.00762264
         179     5.04484     4.99497  0.00758511
         180     5.03598      4.9952   0.0075463
         181     4.98561     4.99515  0.00750467
         182     4.84119      4.9943  0.00751111
         183     5.06444     4.99469  0.00747978
         184     5.28396     4.99626  0.00760333
         185     4.84202     4.99542  0.00760794
         186     5.02613     4.99559  0.00756872
         187     4.99747      4.9956  0.00752815
         188     5.06461     4.99597  0.00749699
         189     4.88964      4.9954  0.00747841
         190      4.8249     4.99451  0.00749287
         191     5.07772     4.99494  0.00746626
         192      4.8833     4.99436     0.00745
         193     4.95034     4.99413  0.00741481
         194     4.84069     4.99334  0.00741877
         195     4.89732     4.99285  0.00739704
         196     4.95545     4.99266  0.00736168
         197     4.83617     4.99186  0.00736716
         198     5.25876     4.99321  0.00745278
         199     5.11715     4.99383  0.00744134
         200     4.93949     4.99356  0.00740902
