           1     1.53331     1.53331           0
           2     1.46785     1.50058   0.0327304
           3      1.5161     1.50575    0.019593
           4     1.51585     1.50828   0.0140826
           5     1.58586     1.52379   0.0189673
           6      1.4552     1.51236    0.019249
           7       1.429     1.50045   0.0201615
           8     1.46665     1.49623   0.0179645
           9       1.527     1.49965   0.0162079
          10     1.47222      1.4969    0.014754
          11     1.52833     1.49976   0.0136479
          12     1.55339     1.50423    0.013236
          13      1.5259      1.5059   0.0122889
          14     1.47609     1.50377   0.0115748
          15     1.46894     1.50145   0.0110229
          16     1.53586      1.5036   0.0105329
          17     1.48559     1.50254  0.00995049
          18     1.43205     1.49862   0.0101658
          19      1.4906      1.4982  0.00962518
          20      1.4677     1.49667  0.00925773
          21     1.49777     1.49673  0.00880601
          22     1.46008     1.49506  0.00855984
          23     1.46856     1.49391  0.00825997
          24     1.44877     1.49203  0.00812893
          25     1.52905     1.49351  0.00793638
          26     1.51996     1.49453  0.00769259
          27     1.49341     1.49448  0.00740231
          28     1.51901     1.49536  0.00718661
          29     1.50407     1.49566  0.00694087
          30     1.56226     1.49788   0.0070634
          31     1.43601     1.49588  0.00711727
          32     1.50153     1.49606  0.00689353
          33     1.52487     1.49693  0.00673817
          34     1.46895     1.49611  0.00658861
          35     1.48342     1.49575  0.00640786
          36     1.52288      1.4965  0.00627277
          37     1.48916      1.4963  0.00610411
          38     1.46352     1.49544  0.00600361
          39     1.45386     1.49437  0.00594404
          40     1.48399     1.49412  0.00579935
          41     1.50694     1.49443  0.00566478
          42      1.4869     1.49425  0.00553116
          43     1.51506     1.49473  0.00542264
          44     1.43959     1.49348  0.00544419
          45     1.58418      1.4955  0.00569074
          46     1.53474     1.49635  0.00563066
          47     1.49883      1.4964  0.00550981
          48     1.45728     1.49559  0.00545502
          49     1.49608      1.4956  0.00534254
          50     1.50479     1.49578  0.00523783
          51     1.50342     1.49593  0.00513629
          52     1.46342      1.4953  0.00507519
          53      1.4784     1.49499  0.00498871
          54     1.53199     1.49567  0.00494318
          55     1.49009     1.49557  0.00485354
          56     1.47072     1.49513   0.0047867
          57     1.58953     1.49678  0.00498513
          58     1.45422     1.49605   0.0049531
          59     1.44118     1.49512  0.00495646
          60     1.47829     1.49484  0.00488121
          61     1.50721     1.49504  0.00480481
          62     1.58019     1.49641  0.00492217
          63     1.42322     1.49525  0.00498082
          64     1.56324     1.49631  0.00501615
          65     1.44703     1.49556  0.00499625
          66     1.51088     1.49579  0.00492544
          67     1.57423     1.49696  0.00499064
          68     1.48302     1.49675  0.00492097
          69     1.47023     1.49637  0.00486434
          70     1.54521     1.49707  0.00484485
          71     1.50611     1.49719  0.00477782
          72     1.48072     1.49697  0.00471655
          73     1.52539     1.49736  0.00466776
          74     1.52278      1.4977  0.00461705
          75     1.47801     1.49744  0.00456263
          76      1.4327     1.49658  0.00458207
          77     1.43242     1.49575   0.0045983
          78     1.59517     1.49703  0.00471454
          79     1.50963     1.49719  0.00465721
          80     1.52945     1.49759  0.00461628
          81     1.55871     1.49834  0.00462095
          82     1.52291     1.49864  0.00457407
          83      1.5482     1.49924   0.0045579
          84     1.46919     1.49888   0.0045175
          85     1.47643     1.49862  0.00447185
          86     1.53727     1.49907  0.00444233
          87     1.54602     1.49961  0.00442401
          88      1.5073     1.49969  0.00437432
          89     1.47398     1.49941  0.00433454
          90     1.53259     1.49977  0.00430194
          91      1.4756     1.49951  0.00426269
          92     1.52492     1.49978  0.00422514
          93     1.53047     1.50011  0.00419246
          94     1.46932     1.49979  0.00416054
          95     1.49104      1.4997  0.00411754
          96     1.39525     1.49861  0.00421717
          97      1.4876     1.49849  0.00417501
          98     1.56963     1.49922  0.00419546
          99     1.47528     1.49898   0.0041599
         100     1.52018     1.49919  0.00412354
         101     1.50699     1.49927  0.00408324
         102      1.4597     1.49888  0.00406158
         103     1.51822     1.49907  0.00402633
         104     1.47107      1.4988  0.00399651
         105     1.53716     1.49916  0.00397509
         106     1.50117     1.49918  0.00393746
         107     1.55247     1.49968  0.00393215
         108     1.53825     1.50004   0.0039119
         109     1.51556     1.50018  0.00387846
         110     1.57554     1.50086  0.00390362
         111     1.51559       1.501  0.00387057
         112     1.46355     1.50066   0.0038504
         113     1.53561     1.50097  0.00382868
         114     1.46061     1.50062  0.00381142
         115     1.48277     1.50046  0.00378132
         116     1.45944     1.50011  0.00376523
         117     1.48835     1.50001  0.00373426
         118     1.54183     1.50036   0.0037194
         119     1.42387     1.49972   0.0037436
         120     1.49212     1.49966  0.00371282
         121     1.55027     1.50008  0.00370569
         122     1.51802     1.50022  0.00367813
         123     1.46432     1.49993  0.00365976
         124      1.4617     1.49962   0.0036432
         125     1.55409     1.50006  0.00364011
         126     1.46235     1.49976  0.00362348
         127     1.46731      1.4995  0.00360391
         128     1.54404     1.49985  0.00359253
         129     1.54947     1.50024  0.00358526
         130     1.47486     1.50004  0.00356293
         131     1.49761     1.50002  0.00353567
         132      1.5551     1.50044  0.00353351
         133     1.45512      1.5001  0.00352335
         134     1.46495     1.49984  0.00350678
         135     1.46865      1.4996  0.00348837
         136     1.49853      1.4996  0.00346263
         137     1.48487     1.49949  0.00343894
         138     1.56307     1.49995  0.00344488
         139      1.5711     1.50046   0.0034581
         140     1.50598      1.5005  0.00343353
         141     1.48674      1.5004  0.00341049
         142     1.58685     1.50101  0.00344068
         143     1.52528     1.50118  0.00342075
         144      1.5059     1.50122  0.00339707
         145     1.48689     1.50112    0.003375
         146     1.52494     1.50128  0.00335578
         147     1.53011     1.50148  0.00333864
         148     1.46193     1.50121  0.00332675
         149     1.53847     1.50146   0.0033138
         150     1.39881     1.50077  0.00336202
         151     1.54923      1.5011  0.00335506
         152     1.47397     1.50092  0.00333769
         153     1.54199     1.50119  0.00332665
         154     1.54028     1.50144  0.00331472
         155     1.52997     1.50162   0.0032984
         156     1.44998     1.50129  0.00329387
         157     1.51356     1.50137  0.00327376
         158     1.52157      1.5015  0.00325548
         159       1.548     1.50179  0.00324814
         160     1.53168     1.50198  0.00323317
         161     1.49725     1.50195  0.00321316
         162     1.57348     1.50239  0.00322365
         163     1.47587     1.50223  0.00320794
         164     1.48484     1.50212  0.00319008
         165     1.43559     1.50172  0.00319622
         166     1.45908     1.50146  0.00318728
         167     1.54813     1.50174  0.00318044
         168     1.53148     1.50192   0.0031664
         169      1.4554     1.50164  0.00315963
         170     1.47616     1.50149  0.00314456
         171     1.48129     1.50137  0.00312835
         172     1.47974     1.50125  0.00311265
         173     1.48016     1.50113    0.003097
         174     1.52863     1.50128  0.00308321
         175     1.42285     1.50084  0.00309813
         176     1.41596     1.50035    0.003118
         177     1.50397     1.50037   0.0031004
         178     1.51796     1.50047  0.00308451
         179     1.52267      1.5006  0.00306974
         180     1.52826     1.50075   0.0030565
         181     1.58037     1.50119  0.00307124
         182     1.44575     1.50089  0.00306946
         183     1.50223     1.50089  0.00305265
         184     1.52173     1.50101  0.00303813
         185     1.57193     1.50139  0.00304589
         186     1.42587     1.50098  0.00305656
         187     1.52902     1.50113  0.00304386
         188     1.41674     1.50069  0.00306072
         189     1.50745     1.50072  0.00304469
         190     1.51291     1.50079  0.00302931
         191     1.49627     1.50076   0.0030135
         192     1.53709     1.50095  0.00300373
         193     1.49982     1.50094  0.00298813
         194     1.48753     1.50088  0.00297349
         195     1.51143     1.50093   0.0029587
         196      1.4651     1.50075  0.00294923
         197     1.49419     1.50071  0.00293441
         198     1.55907     1.50101   0.0029344
         199     1.46571     1.50083    0.002925
         200     1.44784     1.50057  0.00292237
