           1     1.59501     1.59501           0
           2     1.47265     1.53383   0.0611775
           3     1.54696     1.53821   0.0355908
           4     1.44447     1.51477   0.0343867
           5     1.58683     1.52918   0.0302842
           6     1.53725     1.53053   0.0247634
           7     1.45099     1.51916   0.0238145
           8     1.55691     1.52388   0.0211567
           9     1.48073     1.51909   0.0192647
          10     1.46323      1.5135   0.0181137
          11     1.55152     1.51696    0.016745
          12     1.51725     1.51698   0.0152861
          13      1.4626      1.5128   0.0146703
          14     1.46672     1.50951   0.0139752
          15     1.44522     1.50522    0.013698
          16     1.51433     1.50579   0.0128259
          17     1.44061     1.50196   0.0126432
          18     1.47007     1.50018    0.012051
          19     1.48201     1.49923   0.0114392
          20     1.50293     1.49941   0.0108537
          21     1.50799     1.49982    0.010332
          22     1.54971     1.50209   0.0101088
          23     1.43497     1.49917   0.0100905
          24     1.53884     1.50082   0.0098013
          25     1.51559     1.50141   0.0094196
          26     1.48555      1.5008  0.00907061
          27     1.49394     1.50055  0.00873189
          28     1.49106     1.50021  0.00842109
          29     1.54516     1.50176  0.00827206
          30     1.47839     1.50098  0.00802945
          31      1.5034     1.50106  0.00776651
          32      1.5425     1.50236  0.00763056
          33     1.52926     1.50317  0.00744052
          34     1.51973     1.50366  0.00723477
          35     1.49954     1.50354  0.00702601
          36     1.51655      1.5039  0.00683761
          37      1.5171     1.50426   0.0066598
          38     1.46939     1.50334  0.00654678
          39     1.54041     1.50429  0.00644716
          40     1.43667      1.5026  0.00650732
          41     1.48832     1.50225  0.00635618
          42     1.46869     1.50145  0.00625426
          43     1.49753     1.50136  0.00610776
          44     1.49652     1.50125  0.00596835
          45     1.51996     1.50167  0.00584901
          46     1.44751     1.50049  0.00584033
          47     1.48365     1.50013  0.00572594
          48     1.48072     1.49973  0.00561994
          49     1.56032     1.50096  0.00564127
          50      1.4855     1.50066  0.00553594
          51     1.52914     1.50121  0.00545496
          52     1.49461     1.50109  0.00535054
          53     1.49245     1.50092  0.00525115
          54     1.45549     1.50008  0.00522121
          55     1.49192     1.49993  0.00512755
          56     1.55944       1.501  0.00514607
          57     1.49572      1.5009  0.00505583
          58     1.57239     1.50214  0.00511849
          59     1.53075     1.50262  0.00505432
          60     1.58406     1.50398  0.00515139
          61     1.49704     1.50386  0.00506751
          62     1.53722      1.5044  0.00501406
          63     1.48446     1.50409  0.00494398
          64     1.47887     1.50369  0.00488204
          65     1.44949     1.50286  0.00487815
          66     1.43618     1.50185  0.00490877
          67     1.42344     1.50068  0.00497457
          68     1.54483     1.50133   0.0049437
          69     1.49593     1.50125  0.00487215
          70     1.52058     1.50153  0.00480998
          71      1.4619     1.50097  0.00477449
          72     1.43631     1.50007  0.00479259
          73      1.4971     1.50003  0.00472666
          74     1.42874     1.49907  0.00476083
          75     1.44955      1.4984   0.0047431
          76     1.43932     1.49763  0.00474441
          77     1.50122     1.49767  0.00468262
          78     1.52924     1.49808  0.00463988
          79      1.4829     1.49789   0.0045848
          80     1.49693     1.49787  0.00452714
          81     1.44668     1.49724  0.00451535
          82     1.52742     1.49761  0.00447511
          83      1.4682     1.49726  0.00443504
          84     1.49574     1.49724  0.00438196
          85     1.52225     1.49753  0.00434009
          86     1.47451     1.49726  0.00429767
          87     1.50942      1.4974  0.00425029
          88      1.4485     1.49685  0.00423831
          89     1.50571     1.49695   0.0041916
          90     1.48808     1.49685  0.00414594
          91     1.49908     1.49687   0.0041002
          92     1.48101      1.4967  0.00405905
          93      1.5616      1.4974  0.00407536
          94     1.44553     1.49685  0.00406936
          95     1.48502     1.49672  0.00402822
          96     1.49818     1.49674  0.00398607
          97     1.48503     1.49662  0.00394661
          98     1.48889     1.49654  0.00390692
          99     1.52623     1.49684  0.00387887
         100     1.48324      1.4967  0.00384229
         101     1.60216     1.49775  0.00394475
         102     1.45617     1.49734   0.0039271
         103     1.54226     1.49778  0.00391317
         104     1.51378     1.49793  0.00387841
         105     1.49554     1.49791  0.00384136
         106     1.47083     1.49765  0.00381351
         107     1.52365     1.49789  0.00378551
         108      1.4804     1.49773  0.00375379
         109     1.53533     1.49808  0.00373515
         110     1.51376     1.49822  0.00370379
         111     1.48058     1.49806  0.00367371
         112     1.50639     1.49814  0.00364152
         113     1.51542     1.49829  0.00361239
         114     1.48089     1.49814  0.00358381
         115     1.47058      1.4979  0.00356058
         116     1.54514      1.4983  0.00355318
         117     1.49217     1.49825  0.00352307
         118     1.48375     1.49813  0.00349524
         119     1.51364     1.49826   0.0034682
         120     1.39506      1.4974  0.00354507
         121     1.51343     1.49753  0.00351815
         122     1.47105     1.49731  0.00349594
         123      1.4958      1.4973  0.00346742
         124     1.52679     1.49754  0.00344755
         125     1.52667     1.49777  0.00342779
         126     1.56489      1.4983  0.00344195
         127     1.50713     1.49837  0.00341544
         128      1.4941     1.49834  0.00338882
         129     1.55029     1.49874  0.00338647
         130     1.50128     1.49876  0.00336038
         131     1.49788     1.49876  0.00333463
         132     1.47623     1.49859  0.00331367
         133     1.44466     1.49818  0.00331356
         134     1.52541     1.49838  0.00329501
         135     1.42795     1.49786  0.00331186
         136     1.55912     1.49831  0.00331813
         137     1.51938     1.49847  0.00329741
         138     1.54032     1.49877  0.00328745
         139     1.54599     1.49911  0.00328134
         140     1.49369     1.49907  0.00325805
         141     1.42742     1.49856  0.00327453
         142     1.52369     1.49874   0.0032562
         143     1.53567       1.499  0.00324365
         144     1.50584     1.49905   0.0032214
         145     1.45175     1.49872  0.00321569
         146     1.49777     1.49871   0.0031936
         147     1.44488     1.49835  0.00319287
         148     1.54653     1.49867  0.00318788
         149     1.48283     1.49857   0.0031682
         150     1.54606     1.49888   0.0031629
         151     1.57798     1.49941  0.00318525
         152     1.46864      1.4992  0.00317069
         153     1.43125     1.49876  0.00318106
         154     1.51574     1.49887  0.00316226
         155     1.47687     1.49873  0.00314499
         156     1.48525     1.49864  0.00312596
         157     1.51318     1.49873  0.00310737
         158     1.47111     1.49856  0.00309258
         159     1.50946     1.49863  0.00307384
         160     1.53907     1.49888    0.003065
         161     1.43894     1.49851  0.00306857
         162     1.47799     1.49838   0.0030522
         163     1.47221     1.49822  0.00303767
         164     1.51169      1.4983   0.0030202
         165     1.51539     1.49841  0.00300363
         166      1.5839     1.49892  0.00302958
         167     1.51853     1.49904  0.00301367
         168     1.54409     1.49931  0.00300766
         169     1.52392     1.49945  0.00299335
         170     1.60132     1.50005  0.00303543
         171     1.44902     1.49975  0.00303234
         172     1.51749     1.49986  0.00301643
         173     1.51504     1.49994  0.00300022
         174     1.53311     1.50014  0.00298902
         175     1.51548     1.50022  0.00297318
         176     1.48094     1.50011  0.00295827
         177     1.46921     1.49994  0.00294669
         178     1.46497     1.49974  0.00293667
         179     1.54578         1.5  0.00293152
         180     1.52969     1.50016  0.00291985
         181     1.50952     1.50022  0.00290413
         182     1.47705     1.50009  0.00289094
         183     1.48815     1.50002  0.00287584
         184     1.55371     1.50032  0.00287501
         185     1.44724     1.50003  0.00287378
         186     1.50419     1.50005  0.00285838
         187     1.49317     1.50001  0.00284329
         188      1.4858     1.49994  0.00282914
         189     1.50166     1.49995  0.00281414
         190      1.4253     1.49955  0.00282673
         191     1.52557     1.49969  0.00281519
         192     1.45215     1.49944  0.00281141
         193     1.48231     1.49935  0.00279821
         194     1.41042      1.4989  0.00282125
         195      1.4467     1.49863  0.00281948
         196     1.43419      1.4983  0.00282426
         197     1.44614     1.49803  0.00282233
         198     1.59097      1.4985    0.002847
         199     1.48378     1.49843  0.00283362
         200     1.42101     1.49804  0.00284587
